[debug] [2026-02-02T14:36:41.808Z] ----------------------------------------------------------------------
[debug] [2026-02-02T14:36:41.809Z] Command:       C:\Program Files\nodejs\node.exe C:\Users\djord\popravka api\palmoticeva-v2\node_modules\firebase-tools\lib\bin\firebase.js deploy
[debug] [2026-02-02T14:36:41.809Z] CLI Version:   13.35.1
[debug] [2026-02-02T14:36:41.809Z] Platform:      win32
[debug] [2026-02-02T14:36:41.809Z] Node Version:  v20.11.1
[debug] [2026-02-02T14:36:41.809Z] Time:          Mon Feb 02 2026 15:36:41 GMT+0100 (Srednjeevropsko standardno vreme)
[debug] [2026-02-02T14:36:41.809Z] ----------------------------------------------------------------------
[debug] 
[debug] [2026-02-02T14:36:41.923Z] > command requires scopes: ["email","openid","https://www.googleapis.com/auth/cloudplatformprojects.readonly","https://www.googleapis.com/auth/firebase","https://www.googleapis.com/auth/cloud-platform"]
[debug] [2026-02-02T14:36:41.923Z] > authorizing via signed-in user (djordje007@gmail.com)
[debug] [2026-02-02T14:36:41.923Z] [iam] checking project palmoticeva-portal for permissions ["cloudfunctions.functions.create","cloudfunctions.functions.delete","cloudfunctions.functions.get","cloudfunctions.functions.list","cloudfunctions.functions.update","cloudfunctions.operations.get","datastore.indexes.create","datastore.indexes.delete","datastore.indexes.list","datastore.indexes.update","firebase.projects.get","firebasehosting.sites.update"]
[debug] [2026-02-02T14:36:41.924Z] Checked if tokens are valid: true, expires at: 1770046043450
[debug] [2026-02-02T14:36:41.924Z] Checked if tokens are valid: true, expires at: 1770046043450
[debug] [2026-02-02T14:36:41.925Z] >>> [apiv2][query] POST https://cloudresourcemanager.googleapis.com/v1/projects/palmoticeva-portal:testIamPermissions [none]
[debug] [2026-02-02T14:36:41.925Z] >>> [apiv2][(partial)header] POST https://cloudresourcemanager.googleapis.com/v1/projects/palmoticeva-portal:testIamPermissions x-goog-quota-user=projects/palmoticeva-portal
[debug] [2026-02-02T14:36:41.925Z] >>> [apiv2][body] POST https://cloudresourcemanager.googleapis.com/v1/projects/palmoticeva-portal:testIamPermissions {"permissions":["cloudfunctions.functions.create","cloudfunctions.functions.delete","cloudfunctions.functions.get","cloudfunctions.functions.list","cloudfunctions.functions.update","cloudfunctions.operations.get","datastore.indexes.create","datastore.indexes.delete","datastore.indexes.list","datastore.indexes.update","firebase.projects.get","firebasehosting.sites.update"]}
[debug] [2026-02-02T14:36:42.791Z] <<< [apiv2][status] POST https://cloudresourcemanager.googleapis.com/v1/projects/palmoticeva-portal:testIamPermissions 200
[debug] [2026-02-02T14:36:42.791Z] <<< [apiv2][body] POST https://cloudresourcemanager.googleapis.com/v1/projects/palmoticeva-portal:testIamPermissions {"permissions":["cloudfunctions.functions.create","cloudfunctions.functions.delete","cloudfunctions.functions.get","cloudfunctions.functions.list","cloudfunctions.functions.update","cloudfunctions.operations.get","datastore.indexes.create","datastore.indexes.delete","datastore.indexes.list","datastore.indexes.update","firebase.projects.get","firebasehosting.sites.update"]}
[debug] [2026-02-02T14:36:42.791Z] Checked if tokens are valid: true, expires at: 1770046043450
[debug] [2026-02-02T14:36:42.791Z] Checked if tokens are valid: true, expires at: 1770046043450
[debug] [2026-02-02T14:36:42.791Z] >>> [apiv2][query] POST https://iam.googleapis.com/v1/projects/palmoticeva-portal/serviceAccounts/palmoticeva-portal@appspot.gserviceaccount.com:testIamPermissions [none]
[debug] [2026-02-02T14:36:42.791Z] >>> [apiv2][body] POST https://iam.googleapis.com/v1/projects/palmoticeva-portal/serviceAccounts/palmoticeva-portal@appspot.gserviceaccount.com:testIamPermissions {"permissions":["iam.serviceAccounts.actAs"]}
[debug] [2026-02-02T14:36:43.664Z] <<< [apiv2][status] POST https://iam.googleapis.com/v1/projects/palmoticeva-portal/serviceAccounts/palmoticeva-portal@appspot.gserviceaccount.com:testIamPermissions 200
[debug] [2026-02-02T14:36:43.664Z] <<< [apiv2][body] POST https://iam.googleapis.com/v1/projects/palmoticeva-portal/serviceAccounts/palmoticeva-portal@appspot.gserviceaccount.com:testIamPermissions {"permissions":["iam.serviceAccounts.actAs"]}
[debug] [2026-02-02T14:36:43.665Z] Checked if tokens are valid: true, expires at: 1770046043450
[debug] [2026-02-02T14:36:43.665Z] Checked if tokens are valid: true, expires at: 1770046043450
[debug] [2026-02-02T14:36:43.665Z] >>> [apiv2][query] GET https://firebase.googleapis.com/v1beta1/projects/palmoticeva-portal [none]
[debug] [2026-02-02T14:36:44.036Z] <<< [apiv2][status] GET https://firebase.googleapis.com/v1beta1/projects/palmoticeva-portal 200
[debug] [2026-02-02T14:36:44.036Z] <<< [apiv2][body] GET https://firebase.googleapis.com/v1beta1/projects/palmoticeva-portal {"projectId":"palmoticeva-portal","projectNumber":"103093476920","displayName":"Palmoticeva Portal","name":"projects/palmoticeva-portal","resources":{"hostingSite":"palmoticeva-portal"},"state":"ACTIVE","etag":"1_99da18da-f175-45f5-8866-33fca5897cfb"}
[debug] [2026-02-02T14:36:52.766Z] defaultcredentials: writing to file C:\Users\djord\AppData\Roaming\firebase\djordje007_gmail_com_application_default_credentials.json
[debug] [2026-02-02T14:36:52.769Z] Checked if tokens are valid: true, expires at: 1770046043450
[debug] [2026-02-02T14:36:52.769Z] Checked if tokens are valid: true, expires at: 1770046043450
[debug] [2026-02-02T14:36:52.770Z] >>> [apiv2][query] GET https://firebasehosting.googleapis.com/v1beta1/projects/palmoticeva-portal/sites pageToken=&pageSize=10
[debug] [2026-02-02T14:36:53.930Z] <<< [apiv2][status] GET https://firebasehosting.googleapis.com/v1beta1/projects/palmoticeva-portal/sites 200
[debug] [2026-02-02T14:36:53.930Z] <<< [apiv2][body] GET https://firebasehosting.googleapis.com/v1beta1/projects/palmoticeva-portal/sites {"sites":[{"name":"projects/palmoticeva-portal/sites/palmoticeva-portal","defaultUrl":"https://palmoticeva-portal.web.app","appId":"1:103093476920:web:26dc1dcc28a049b56d90cd","type":"DEFAULT_SITE"}]}
[debug] [2026-02-02T14:36:53.930Z] Checked if tokens are valid: true, expires at: 1770046043450
[debug] [2026-02-02T14:36:53.930Z] Checked if tokens are valid: true, expires at: 1770046043450
[debug] [2026-02-02T14:36:53.930Z] >>> [apiv2][query] GET https://firebase.googleapis.com/v1beta1/projects/-/webApps/1:103093476920:web:26dc1dcc28a049b56d90cd/config [none]
[debug] [2026-02-02T14:36:54.424Z] <<< [apiv2][status] GET https://firebase.googleapis.com/v1beta1/projects/-/webApps/1:103093476920:web:26dc1dcc28a049b56d90cd/config 200
[debug] [2026-02-02T14:36:54.424Z] <<< [apiv2][body] GET https://firebase.googleapis.com/v1beta1/projects/-/webApps/1:103093476920:web:26dc1dcc28a049b56d90cd/config {"projectId":"palmoticeva-portal","appId":"1:103093476920:web:26dc1dcc28a049b56d90cd","storageBucket":"palmoticeva-portal.firebasestorage.app","apiKey":"AIzaSyBXfxc3eZIsJYI49k84d2pnXYPoxtCHVFg","authDomain":"palmoticeva-portal.firebaseapp.com","messagingSenderId":"103093476920","measurementId":"G-KQXYJHTF90","projectNumber":"103093476920","version":"2"}
[info] 
   Thank you for trying our early preview of Next.js support on Firebase Hosting.
   During the preview, support is best-effort and breaking changes can be expected. Proceed with caution.
   The integration is known to work with Next.js version 12 - 15.0. You may encounter errors.

   Documentation: https://firebase.google.com/docs/hosting/frameworks/nextjs
   File a bug: https://github.com/firebase/firebase-tools/issues/new?template=bug_report.md
   Submit a feature request: https://github.com/firebase/firebase-tools/issues/new?template=feature_request.md

   We'd love to learn from you. Express your interest in helping us shape the future of Firebase Hosting: https://goo.gle/41enW5X

[debug] [2026-02-02T14:37:15.113Z] SyntaxError: Unterminated string in JSON at position 1048576
    at JSON.parse (<anonymous>)
    at findDependency (C:\Users\djord\popravka api\palmoticeva-v2\node_modules\.pnpm\firebase-tools@13.35.1_@types+node@20.19.25_encoding@0.1.13\node_modules\firebase-tools\lib\frameworks\utils.js:190:23)
    at getReactVersion (C:\Users\djord\popravka api\palmoticeva-v2\node_modules\.pnpm\firebase-tools@13.35.1_@types+node@20.19.25_encoding@0.1.13\node_modules\firebase-tools\lib\frameworks\next\index.js:36:45)
    at build (C:\Users\djord\popravka api\palmoticeva-v2\node_modules\.pnpm\firebase-tools@13.35.1_@types+node@20.19.25_encoding@0.1.13\node_modules\firebase-tools\lib\frameworks\next\index.js:50:26)
    at async prepareFrameworks (C:\Users\djord\popravka api\palmoticeva-v2\node_modules\.pnpm\firebase-tools@13.35.1_@types+node@20.19.25_encoding@0.1.13\node_modules\firebase-tools\lib\frameworks\index.js:224:33)
    at async deploy (C:\Users\djord\popravka api\palmoticeva-v2\node_modules\.pnpm\firebase-tools@13.35.1_@types+node@20.19.25_encoding@0.1.13\node_modules\firebase-tools\lib\deploy\index.js:76:9)
[error] 
[error] Error: An unexpected error has occurred.
