0 verbose cli C:\Program Files\nodejs\node.exe C:\Program Files\nodejs\node_modules\npm\bin\npm-cli.js
1 info using npm@10.2.4
2 info using node@v20.11.1
3 timing npm:load:whichnode Completed in 1ms
4 timing config:load:defaults Completed in 2ms
5 timing config:load:file:C:\Program Files\nodejs\node_modules\npm\npmrc Completed in 2ms
6 timing config:load:builtin Completed in 2ms
7 timing config:load:cli Completed in 1ms
8 timing config:load:env Completed in 1ms
9 timing config:load:file:C:\Users\djord\AppData\Local\Microsoft\TypeScript\5.9\.npmrc Completed in 0ms
10 timing config:load:project Completed in 0ms
11 timing config:load:file:C:\Users\djord\.npmrc Completed in 1ms
12 timing config:load:user Completed in 1ms
13 timing config:load:file:C:\Users\djord\AppData\Roaming\npm\etc\npmrc Completed in 0ms
14 timing config:load:global Completed in 0ms
15 timing config:load:setEnvs Completed in 0ms
16 timing config:load Completed in 7ms
17 timing npm:load:configload Completed in 7ms
18 timing config:load:flatten Completed in 1ms
19 timing npm:load:mkdirpcache Completed in 0ms
20 timing npm:load:mkdirplogs Completed in 1ms
21 verbose title npm install types-registry@latest
22 verbose argv "install" "--ignore-scripts" "types-registry@latest"
23 timing npm:load:setTitle Completed in 0ms
24 timing npm:load:display Completed in 0ms
25 verbose logfile logs-max:10 dir:C:\Users\djord\OneDrive\Dokumenti\nova\.npm-cache\_logs\2025-11-24T21_14_36_986Z-
26 verbose logfile C:\Users\djord\OneDrive\Dokumenti\nova\.npm-cache\_logs\2025-11-24T21_14_36_986Z-debug-0.log
27 timing npm:load:logFile Completed in 18ms
28 timing npm:load:timers Completed in 0ms
29 timing npm:load:configScope Completed in 0ms
30 timing npm:load Completed in 50ms
31 timing arborist:ctor Completed in 0ms
32 silly logfile start cleaning logs, removing 2 files
33 silly logfile done cleaning log files
34 timing idealTree:init Completed in 13ms
35 timing arborist:ctor Completed in 1ms
36 http fetch GET 200 https://registry.npmjs.org/types-registry 190ms (cache revalidated)
37 timing idealTree:userRequests Completed in 195ms
38 silly idealTree buildDeps
39 silly fetch manifest types-registry@0.1.747
40 silly placeDep ROOT types-registry@0.1.747 REPLACE for:  want: 0.1.747
41 timing idealTree:#root Completed in 3ms
42 timing idealTree:node_modules/types-registry Completed in 0ms
43 timing idealTree:buildDeps Completed in 4ms
44 timing idealTree:fixDepFlags Completed in 0ms
45 timing idealTree Completed in 214ms
46 timing reify:loadTrees Completed in 214ms
47 timing reify:diffTrees Completed in 1ms
48 silly reify moves {}
49 timing reify:retireShallow Completed in 0ms
50 timing reify:createSparse Completed in 0ms
51 timing reify:loadBundles Completed in 0ms
52 silly audit bulk request {
52 silly audit   '@types/lodash': [ '4.17.20' ],
52 silly audit   '@types/node': [ '24.10.1' ],
52 silly audit   '@types/prop-types': [ '15.7.15' ],
52 silly audit   '@types/react': [ '19.2.6' ],
52 silly audit   '@types/react-dom': [ '19.2.3' ],
52 silly audit   '@types/wav': [ '1.0.4' ],
52 silly audit   csstype: [ '3.2.3' ],
52 silly audit   'undici-types': [ '7.16.0' ],
52 silly audit   'types-registry': [ '0.1.747' ]
52 silly audit }
53 timing reify:unpack Completed in 1ms
54 timing reify:unretire Completed in 0ms
55 timing build:queue Completed in 0ms
56 timing build:deps Completed in 0ms
57 timing build Completed in 0ms
58 timing reify:build Completed in 0ms
59 timing reify:trash Completed in 0ms
60 timing reify:save Completed in 8ms
61 http fetch POST 200 https://registry.npmjs.org/-/npm/v1/security/advisories/bulk 225ms
62 timing auditReport:getReport Completed in 226ms
63 silly audit report {}
64 timing auditReport:init Completed in 0ms
65 timing reify:audit Completed in 226ms
66 timing reify Completed in 447ms
67 timing command:install Completed in 449ms
68 verbose exit 0
69 timing npm Completed in 719ms
70 info ok
