0 verbose cli C:\Program Files\nodejs\node.exe C:\Program Files\nodejs\node_modules\npm\bin\npm-cli.js
1 info using npm@10.2.4
2 info using node@v20.11.1
3 timing npm:load:whichnode Completed in 1ms
4 timing config:load:defaults Completed in 1ms
5 timing config:load:file:C:\Program Files\nodejs\node_modules\npm\npmrc Completed in 3ms
6 timing config:load:builtin Completed in 3ms
7 timing config:load:cli Completed in 1ms
8 timing config:load:env Completed in 0ms
9 timing config:load:file:C:\Users\djord\OneDrive\Dokumenti\nova\.npmrc Completed in 0ms
10 timing config:load:project Completed in 0ms
11 timing config:load:file:C:\Users\djord\.npmrc Completed in 1ms
12 timing config:load:user Completed in 1ms
13 timing config:load:file:C:\Users\djord\AppData\Roaming\npm\etc\npmrc Completed in 0ms
14 timing config:load:global Completed in 0ms
15 timing config:load:setEnvs Completed in 0ms
16 timing config:load Completed in 6ms
17 timing npm:load:configload Completed in 6ms
18 timing config:load:flatten Completed in 1ms
19 timing npm:load:mkdirpcache Completed in 1ms
20 timing npm:load:mkdirplogs Completed in 0ms
21 verbose title npm install
22 verbose argv "install"
23 timing npm:load:setTitle Completed in 1ms
24 timing npm:load:display Completed in 0ms
25 verbose logfile logs-max:10 dir:C:\Users\djord\OneDrive\Dokumenti\nova\.npm-cache\_logs\2025-11-20T17_46_48_200Z-
26 verbose logfile C:\Users\djord\OneDrive\Dokumenti\nova\.npm-cache\_logs\2025-11-20T17_46_48_200Z-debug-0.log
27 timing npm:load:logFile Completed in 16ms
28 timing npm:load:timers Completed in 0ms
29 timing npm:load:configScope Completed in 0ms
30 timing npm:load Completed in 44ms
31 timing arborist:ctor Completed in 1ms
32 silly logfile done cleaning log files
33 timing arborist:ctor Completed in 0ms
34 timing arborist:ctor Completed in 0ms
35 timing arborist:ctor Completed in 1ms
36 timing idealTree:init Completed in 346ms
37 timing idealTree:userRequests Completed in 0ms
38 silly idealTree buildDeps
39 silly fetch manifest next@14.2.3
40 http fetch GET 200 https://registry.npmjs.org/npm 1223ms (cache miss)
41 http fetch GET 200 https://registry.npmjs.org/next 1518ms (cache miss)
42 silly fetch manifest @opentelemetry/api@^1.1.0
43 http fetch GET 200 https://registry.npmjs.org/@opentelemetry%2fapi 188ms (cache miss)
44 silly fetch manifest @playwright/test@^1.41.2
45 http fetch GET 200 https://registry.npmjs.org/@playwright%2ftest 381ms (cache miss)
46 silly fetch manifest react@^18.3.1
47 http fetch GET 200 https://registry.npmjs.org/react 460ms (cache miss)
48 silly fetch manifest react-dom@^18.3.1
49 http fetch GET 200 https://registry.npmjs.org/react-dom 443ms (cache miss)
50 silly fetch manifest sass@^1.3.0
51 http fetch GET 200 https://registry.npmjs.org/sass 180ms (cache miss)
52 silly placeDep ROOT next@14.2.3 OK for: nextn@0.1.0 want: 14.2.3
53 silly fetch manifest busboy@1.6.0
54 silly fetch manifest postcss@8.4.31
55 silly fetch manifest @next/env@14.2.3
56 silly fetch manifest styled-jsx@5.1.1
57 silly fetch manifest @swc/helpers@0.5.5
58 silly fetch manifest caniuse-lite@^1.0.30001579
59 silly fetch manifest @next/swc-darwin-x64@14.2.3
60 silly fetch manifest @next/swc-darwin-arm64@14.2.3
61 silly fetch manifest @next/swc-linux-x64-gnu@14.2.3
62 silly fetch manifest @next/swc-linux-x64-musl@14.2.3
63 silly fetch manifest @next/swc-win32-x64-msvc@14.2.3
64 silly fetch manifest @next/swc-linux-arm64-gnu@14.2.3
65 silly fetch manifest @next/swc-win32-ia32-msvc@14.2.3
66 silly fetch manifest @next/swc-linux-arm64-musl@14.2.3
67 silly fetch manifest @next/swc-win32-arm64-msvc@14.2.3
68 http fetch GET 200 https://registry.npmjs.org/busboy 178ms (cache miss)
69 http fetch GET 200 https://registry.npmjs.org/postcss 179ms (cache miss)
70 http fetch GET 200 https://registry.npmjs.org/styled-jsx 843ms (cache miss)
71 http fetch GET 200 https://registry.npmjs.org/@swc%2fhelpers 845ms (cache miss)
72 http fetch GET 200 https://registry.npmjs.org/caniuse-lite 1242ms (cache miss)
73 http fetch GET 200 https://registry.npmjs.org/@next%2fswc-linux-arm64-gnu 1306ms (cache miss)
74 http fetch GET 200 https://registry.npmjs.org/@next%2fswc-win32-ia32-msvc 1327ms (cache miss)
75 http fetch GET 200 https://registry.npmjs.org/@next%2fswc-linux-arm64-musl 1332ms (cache miss)
76 http fetch GET 200 https://registry.npmjs.org/@next%2fswc-linux-x64-gnu 1343ms (cache miss)
77 http fetch GET 200 https://registry.npmjs.org/@next%2fswc-darwin-x64 1354ms (cache miss)
78 http fetch GET 200 https://registry.npmjs.org/@next%2fswc-win32-x64-msvc 1366ms (cache miss)
79 http fetch GET 200 https://registry.npmjs.org/@next%2fswc-linux-x64-musl 1380ms (cache miss)
80 http fetch GET 200 https://registry.npmjs.org/@next%2fswc-win32-arm64-msvc 1399ms (cache miss)
81 http fetch GET 200 https://registry.npmjs.org/@next%2fenv 1414ms (cache miss)
82 http fetch GET 200 https://registry.npmjs.org/@next%2fswc-darwin-arm64 1553ms (cache miss)
83 timing idealTree:#root Completed in 4909ms
84 silly fetch manifest react@^18.2.0
85 silly placeDep ROOT @next/env@14.2.3 OK for: next@14.2.3 want: 14.2.3
86 silly placeDep ROOT @next/swc-darwin-arm64@14.2.3 OK for: next@14.2.3 want: 14.2.3
87 silly placeDep ROOT @next/swc-darwin-x64@14.2.3 OK for: next@14.2.3 want: 14.2.3
88 silly placeDep ROOT @next/swc-linux-arm64-gnu@14.2.3 OK for: next@14.2.3 want: 14.2.3
89 silly placeDep ROOT @next/swc-linux-arm64-musl@14.2.3 OK for: next@14.2.3 want: 14.2.3
90 silly placeDep ROOT @next/swc-linux-x64-gnu@14.2.3 OK for: next@14.2.3 want: 14.2.3
91 silly placeDep ROOT @next/swc-linux-x64-musl@14.2.3 OK for: next@14.2.3 want: 14.2.3
92 silly placeDep ROOT @next/swc-win32-arm64-msvc@14.2.3 OK for: next@14.2.3 want: 14.2.3
93 silly placeDep ROOT @next/swc-win32-ia32-msvc@14.2.3 OK for: next@14.2.3 want: 14.2.3
94 silly placeDep ROOT @next/swc-win32-x64-msvc@14.2.3 OK for: next@14.2.3 want: 14.2.3
95 silly placeDep ROOT @swc/helpers@0.5.5 OK for: next@14.2.3 want: 0.5.5
96 silly fetch manifest @swc/counter@^0.1.3
97 silly placeDep ROOT busboy@1.6.0 OK for: next@14.2.3 want: 1.6.0
98 silly fetch manifest streamsearch@^1.1.0
99 silly placeDep ROOT caniuse-lite@1.0.30001756 OK for: next@14.2.3 want: ^1.0.30001579
100 silly placeDep node_modules/next postcss@8.4.31 OK for: next@14.2.3 want: 8.4.31
101 silly placeDep ROOT styled-jsx@5.1.1 OK for: next@14.2.3 want: 5.1.1
102 silly fetch manifest client-only@0.0.1
103 http fetch GET 200 https://registry.npmjs.org/streamsearch 168ms (cache miss)
104 http fetch GET 200 https://registry.npmjs.org/@swc%2fcounter 191ms (cache miss)
105 http fetch GET 200 https://registry.npmjs.org/client-only 196ms (cache miss)
106 timing idealTree:node_modules/next Completed in 227ms
107 timing idealTree:node_modules/@next/env Completed in 0ms
108 timing idealTree:node_modules/@next/swc-darwin-arm64 Completed in 0ms
109 timing idealTree:node_modules/@next/swc-darwin-x64 Completed in 0ms
110 timing idealTree:node_modules/@next/swc-linux-arm64-gnu Completed in 0ms
111 timing idealTree:node_modules/@next/swc-linux-arm64-musl Completed in 0ms
112 timing idealTree:node_modules/@next/swc-linux-x64-gnu Completed in 0ms
113 timing idealTree:node_modules/@next/swc-linux-x64-musl Completed in 0ms
114 timing idealTree:node_modules/@next/swc-win32-arm64-msvc Completed in 0ms
115 timing idealTree:node_modules/@next/swc-win32-ia32-msvc Completed in 0ms
116 timing idealTree:node_modules/@next/swc-win32-x64-msvc Completed in 0ms
117 silly placeDep ROOT @swc/counter@0.1.3 OK for: @swc/helpers@0.5.5 want: ^0.1.3
118 timing idealTree:node_modules/@swc/helpers Completed in 1ms
119 timing idealTree:node_modules/@swc/counter Completed in 0ms
120 silly placeDep ROOT streamsearch@1.1.0 OK for: busboy@1.6.0 want: ^1.1.0
121 timing idealTree:node_modules/busboy Completed in 0ms
122 timing idealTree:node_modules/caniuse-lite Completed in 0ms
123 silly fetch manifest date-fns@^2.28.0 || ^3.0.0
124 http fetch GET 200 https://registry.npmjs.org/date-fns 394ms (cache miss)
125 timing idealTree Completed in 5885ms
126 timing command:install Completed in 5919ms
127 notice
127 notice New [31mmajor[39m version of npm available! [31m10.2.4[39m -> [32m11.6.3[39m
127 notice Changelog: [36mhttps://github.com/npm/cli/releases/tag/v11.6.3[39m
127 notice Run [32mnpm install -g npm@11.6.3[39m to update!
127 notice
128 verbose stack Error: could not resolve
128 verbose stack     at PlaceDep.failPeerConflict (C:\Program Files\nodejs\node_modules\npm\node_modules\@npmcli\arborist\lib\place-dep.js:503:25)
128 verbose stack     at new PlaceDep (C:\Program Files\nodejs\node_modules\npm\node_modules\@npmcli\arborist\lib\place-dep.js:157:21)
128 verbose stack     at #buildDepStep (C:\Program Files\nodejs\node_modules\npm\node_modules\@npmcli\arborist\lib\arborist\build-ideal-tree.js:933:18)
128 verbose stack     at async Arborist.buildIdealTree (C:\Program Files\nodejs\node_modules\npm\node_modules\@npmcli\arborist\lib\arborist\build-ideal-tree.js:196:7)
128 verbose stack     at async Promise.all (index 1)
128 verbose stack     at async Arborist.reify (C:\Program Files\nodejs\node_modules\npm\node_modules\@npmcli\arborist\lib\arborist\reify.js:159:5)
128 verbose stack     at async Install.exec (C:\Program Files\nodejs\node_modules\npm\lib\commands\install.js:152:5)
128 verbose stack     at async module.exports (C:\Program Files\nodejs\node_modules\npm\lib\cli-entry.js:61:5)
129 verbose cwd C:\Users\djord\OneDrive\Dokumenti\nova
130 verbose Windows_NT 10.0.26220
131 verbose node v20.11.1
132 verbose npm  v10.2.4
133 error code ERESOLVE
134 error ERESOLVE could not resolve
135 error
136 error While resolving: [1mreact-day-picker[22m@[1m8.10.1[22m
136 error Found: [1mdate-fns[22m@[1m4.1.0[22m[2m[22m
136 error [2mnode_modules/date-fns[22m
136 error   [1mdate-fns[22m@"[1m^4.1.0[22m" from the root project
136 error
136 error Could not resolve dependency:
136 error [35mpeer[39m [1mdate-fns[22m@"[1m^2.28.0 || ^3.0.0[22m" from [1mreact-day-picker[22m@[1m8.10.1[22m[2m[22m
136 error [2mnode_modules/react-day-picker[22m
136 error   [1mreact-day-picker[22m@"[1m^8.10.1[22m" from the root project
136 error
136 error Conflicting peer dependency: [1mdate-fns[22m@[1m3.6.0[22m[2m[22m
136 error [2mnode_modules/date-fns[22m
136 error   [35mpeer[39m [1mdate-fns[22m@"[1m^2.28.0 || ^3.0.0[22m" from [1mreact-day-picker[22m@[1m8.10.1[22m[2m[22m
136 error   [2mnode_modules/react-day-picker[22m
136 error     [1mreact-day-picker[22m@"[1m^8.10.1[22m" from the root project
136 error
136 error Fix the upstream dependency conflict, or retry
136 error this command with --force or --legacy-peer-deps
136 error to accept an incorrect (and potentially broken) dependency resolution.
137 error
137 error
137 error For a full report see:
137 error C:\Users\djord\OneDrive\Dokumenti\nova\.npm-cache\_logs\2025-11-20T17_46_48_200Z-eresolve-report.txt
138 verbose exit 1
139 timing npm Completed in 6165ms
140 verbose unfinished npm timer reify 1763660808427
141 verbose unfinished npm timer reify:loadTrees 1763660808459
142 verbose unfinished npm timer idealTree:buildDeps 1763660808807
143 verbose unfinished npm timer idealTree:node_modules/react-day-picker 1763660813946
144 verbose code 1
145 error A complete log of this run can be found in: C:\Users\djord\OneDrive\Dokumenti\nova\.npm-cache\_logs\2025-11-20T17_46_48_200Z-debug-0.log
