0 verbose cli C:\Program Files\nodejs\node.exe C:\Program Files\nodejs\node_modules\npm\bin\npm-cli.js
1 info using npm@10.2.4
2 info using node@v20.11.1
3 timing npm:load:whichnode Completed in 2ms
4 timing config:load:defaults Completed in 1ms
5 timing config:load:file:C:\Program Files\nodejs\node_modules\npm\npmrc Completed in 3ms
6 timing config:load:builtin Completed in 4ms
7 timing config:load:cli Completed in 1ms
8 timing config:load:env Completed in 0ms
9 timing config:load:file:C:\Users\djord\OneDrive\Dokumenti\nova\.npmrc Completed in 0ms
10 timing config:load:project Completed in 1ms
11 timing config:load:file:C:\Users\djord\.npmrc Completed in 0ms
12 timing config:load:user Completed in 0ms
13 timing config:load:file:C:\Users\djord\AppData\Roaming\npm\etc\npmrc Completed in 0ms
14 timing config:load:global Completed in 0ms
15 timing config:load:setEnvs Completed in 1ms
16 timing config:load Completed in 8ms
17 timing npm:load:configload Completed in 8ms
18 timing config:load:flatten Completed in 1ms
19 timing npm:load:mkdirpcache Completed in 1ms
20 timing npm:load:mkdirplogs Completed in 0ms
21 verbose title npm exec pnpm install
22 verbose argv "exec" "--" "pnpm" "install"
23 timing npm:load:setTitle Completed in 1ms
24 timing npm:load:display Completed in 0ms
25 verbose logfile logs-max:10 dir:C:\Users\djord\OneDrive\Dokumenti\nova\.npm-cache\_logs\2025-11-20T18_20_22_886Z-
26 verbose logfile C:\Users\djord\OneDrive\Dokumenti\nova\.npm-cache\_logs\2025-11-20T18_20_22_886Z-debug-0.log
27 timing npm:load:logFile Completed in 16ms
28 timing npm:load:timers Completed in 0ms
29 timing npm:load:configScope Completed in 0ms
30 timing npm:load Completed in 47ms
31 silly logfile start cleaning logs, removing 2 files
32 timing arborist:ctor Completed in 1ms
33 silly logfile done cleaning log files
34 verbose shrinkwrap failed to load node_modules/.package-lock.json missing from lockfile: node_modules/.pnpm/class-variance-authority@0.7.1/node_modules/class-variance-authority
35 http fetch GET 200 https://registry.npmjs.org/pnpm 595ms (cache revalidated)
36 timing arborist:ctor Completed in 0ms
37 timing arborist:ctor Completed in 0ms
38 timing arborist:ctor Completed in 0ms
39 timing command:exec Completed in 7849ms
40 verbose exit 0
41 timing npm Completed in 8070ms
42 info ok
