0 verbose cli C:\Program Files\nodejs\node.exe C:\Program Files\nodejs\node_modules\npm\bin\npm-cli.js
1 info using npm@10.2.4
2 info using node@v20.11.1
3 timing npm:load:whichnode Completed in 2ms
4 timing config:load:defaults Completed in 2ms
5 timing config:load:file:C:\Program Files\nodejs\node_modules\npm\npmrc Completed in 3ms
6 timing config:load:builtin Completed in 3ms
7 timing config:load:cli Completed in 1ms
8 timing config:load:env Completed in 1ms
9 timing config:load:file:C:\Users\djord\OneDrive\Dokumenti\nova\.npmrc Completed in 1ms
10 timing config:load:project Completed in 1ms
11 timing config:load:file:C:\Users\djord\.npmrc Completed in 0ms
12 timing config:load:user Completed in 0ms
13 timing config:load:file:C:\Users\djord\AppData\Roaming\npm\etc\npmrc Completed in 0ms
14 timing config:load:global Completed in 0ms
15 timing config:load:setEnvs Completed in 1ms
16 timing config:load Completed in 10ms
17 timing npm:load:configload Completed in 10ms
18 timing config:load:flatten Completed in 1ms
19 timing npm:load:mkdirpcache Completed in 1ms
20 timing npm:load:mkdirplogs Completed in 0ms
21 verbose title npm install
22 verbose argv "install"
23 timing npm:load:setTitle Completed in 1ms
24 timing npm:load:display Completed in 0ms
25 verbose logfile logs-max:10 dir:C:\Users\djord\OneDrive\Dokumenti\nova\.npm-cache\_logs\2025-11-20T17_47_24_371Z-
26 verbose logfile C:\Users\djord\OneDrive\Dokumenti\nova\.npm-cache\_logs\2025-11-20T17_47_24_371Z-debug-0.log
27 timing npm:load:logFile Completed in 18ms
28 timing npm:load:timers Completed in 0ms
29 timing npm:load:configScope Completed in 0ms
30 timing npm:load Completed in 51ms
31 timing arborist:ctor Completed in 0ms
32 silly logfile done cleaning log files
33 timing arborist:ctor Completed in 0ms
34 verbose shrinkwrap failed to load node_modules/.package-lock.json out of date, updated: node_modules
35 verbose shrinkwrap failed to load node_modules/.package-lock.json out of date, updated: node_modules
36 timing idealTree:init Completed in 2829ms
37 timing idealTree:userRequests Completed in 1ms
38 silly idealTree buildDeps
39 silly fetch manifest @formatjs/intl-localematcher@^0.5.4
40 http fetch GET 200 https://registry.npmjs.org/@formatjs%2fintl-localematcher 806ms (cache miss)
41 silly fetch manifest @google/generative-ai@^0.24.1
42 http fetch GET 200 https://registry.npmjs.org/@google%2fgenerative-ai 208ms (cache miss)
43 silly fetch manifest @hookform/resolvers@^4.1.3
44 http fetch GET 200 https://registry.npmjs.org/@hookform%2fresolvers 376ms (cache miss)
45 silly fetch manifest react-hook-form@^7.63.0
46 http fetch GET 200 https://registry.npmjs.org/react-hook-form 620ms (cache miss)
47 silly fetch manifest react@^18.3.1
48 http fetch GET 200 https://registry.npmjs.org/react 102ms (cache hit)
49 silly fetch manifest @radix-ui/react-accordion@^1.2.3
50 http fetch GET 200 https://registry.npmjs.org/@radix-ui%2freact-accordion 222ms (cache miss)
51 silly fetch manifest @types/react@^18.3.24
52 http fetch GET 200 https://registry.npmjs.org/@types%2freact 241ms (cache miss)
53 silly fetch manifest @types/react-dom@^18.3.7
54 http fetch GET 200 https://registry.npmjs.org/@types%2freact-dom 196ms (cache miss)
55 silly fetch manifest react-dom@^18.3.1
56 http fetch GET 200 https://registry.npmjs.org/react-dom 10ms (cache hit)
57 silly fetch manifest @radix-ui/react-alert-dialog@^1.1.6
58 http fetch GET 200 https://registry.npmjs.org/@radix-ui%2freact-alert-dialog 196ms (cache miss)
59 silly fetch manifest @radix-ui/react-avatar@^1.1.3
60 http fetch GET 200 https://registry.npmjs.org/@radix-ui%2freact-avatar 213ms (cache miss)
61 silly fetch manifest @radix-ui/react-checkbox@^1.1.4
62 http fetch GET 200 https://registry.npmjs.org/@radix-ui%2freact-checkbox 225ms (cache miss)
63 silly fetch manifest @radix-ui/react-collapsible@^1.1.11
64 http fetch GET 200 https://registry.npmjs.org/@radix-ui%2freact-collapsible 210ms (cache miss)
65 silly fetch manifest @radix-ui/react-dialog@^1.1.6
66 http fetch GET 200 https://registry.npmjs.org/@radix-ui%2freact-dialog 217ms (cache miss)
67 silly fetch manifest @radix-ui/react-dropdown-menu@^2.1.6
68 http fetch GET 200 https://registry.npmjs.org/@radix-ui%2freact-dropdown-menu 230ms (cache miss)
69 silly fetch manifest @radix-ui/react-label@^2.1.2
70 http fetch GET 200 https://registry.npmjs.org/@radix-ui%2freact-label 240ms (cache miss)
71 silly fetch manifest @radix-ui/react-menubar@^1.1.6
72 http fetch GET 200 https://registry.npmjs.org/@radix-ui%2freact-menubar 203ms (cache miss)
73 silly fetch manifest @radix-ui/react-popover@^1.1.6
74 http fetch GET 200 https://registry.npmjs.org/@radix-ui%2freact-popover 217ms (cache miss)
75 silly fetch manifest @radix-ui/react-progress@^1.1.2
76 http fetch GET 200 https://registry.npmjs.org/@radix-ui%2freact-progress 192ms (cache miss)
77 silly fetch manifest @radix-ui/react-radio-group@^1.2.3
78 http fetch GET 200 https://registry.npmjs.org/@radix-ui%2freact-radio-group 185ms (cache miss)
79 silly fetch manifest @radix-ui/react-scroll-area@^1.2.3
80 http fetch GET 200 https://registry.npmjs.org/@radix-ui%2freact-scroll-area 198ms (cache miss)
81 silly fetch manifest @radix-ui/react-select@^2.1.6
82 http fetch GET 200 https://registry.npmjs.org/@radix-ui%2freact-select 234ms (cache miss)
83 silly fetch manifest @radix-ui/react-separator@^1.1.2
84 http fetch GET 200 https://registry.npmjs.org/@radix-ui%2freact-separator 220ms (cache miss)
85 silly fetch manifest @radix-ui/react-slider@^1.2.3
86 http fetch GET 200 https://registry.npmjs.org/@radix-ui%2freact-slider 402ms (cache miss)
87 silly fetch manifest @radix-ui/react-slot@^1.2.3
88 http fetch GET 200 https://registry.npmjs.org/@radix-ui%2freact-slot 180ms (cache miss)
89 silly fetch manifest @radix-ui/react-switch@^1.1.3
90 http fetch GET 200 https://registry.npmjs.org/@radix-ui%2freact-switch 201ms (cache miss)
91 silly fetch manifest @radix-ui/react-tabs@^1.1.3
92 http fetch GET 200 https://registry.npmjs.org/@radix-ui%2freact-tabs 202ms (cache miss)
93 silly fetch manifest @radix-ui/react-toast@^1.2.6
94 http fetch GET 200 https://registry.npmjs.org/@radix-ui%2freact-toast 233ms (cache miss)
95 silly fetch manifest @radix-ui/react-tooltip@^1.1.8
96 http fetch GET 200 https://registry.npmjs.org/@radix-ui%2freact-tooltip 245ms (cache miss)
97 silly fetch manifest date-fns@^4.1.0
98 http fetch GET 200 https://registry.npmjs.org/date-fns 5ms (cache hit)
99 silly fetch manifest next@14.2.3
100 http fetch GET 200 https://registry.npmjs.org/next 66ms (cache hit)
101 silly fetch manifest @opentelemetry/api@^1.1.0
102 http fetch GET 200 https://registry.npmjs.org/@opentelemetry%2fapi 6ms (cache hit)
103 silly fetch manifest @playwright/test@^1.41.2
104 http fetch GET 200 https://registry.npmjs.org/@playwright%2ftest 9ms (cache hit)
105 silly fetch manifest sass@^1.3.0
106 http fetch GET 200 https://registry.npmjs.org/sass 8ms (cache hit)
107 silly fetch manifest @types/minimatch@^6.0.0
108 http fetch GET 200 https://registry.npmjs.org/@types%2fminimatch 191ms (cache miss)
109 silly fetch manifest @types/negotiator@^0.6.3
110 http fetch GET 200 https://registry.npmjs.org/@types%2fnegotiator 187ms (cache miss)
111 silly fetch manifest @types/node@^20.19.9
112 http fetch GET 200 https://registry.npmjs.org/@types%2fnode 331ms (cache miss)
113 silly fetch manifest @types/uuid@^9.0.8
114 http fetch GET 200 https://registry.npmjs.org/@types%2fuuid 178ms (cache miss)
115 silly fetch manifest @types/wav@^1.0.3
116 http fetch GET 200 https://registry.npmjs.org/@types%2fwav 697ms (cache miss)
117 silly fetch manifest concurrently@^8.2.2
118 http fetch GET 200 https://registry.npmjs.org/concurrently 181ms (cache miss)
119 silly placeDep ROOT @formatjs/intl-localematcher@0.5.10 OK for: nextn@0.1.0 want: ^0.5.4
120 silly placeDep ROOT @google/generative-ai@0.24.1 OK for: nextn@0.1.0 want: ^0.24.1
121 silly placeDep ROOT @hookform/resolvers@4.1.3 OK for: nextn@0.1.0 want: ^4.1.3
122 silly fetch manifest @standard-schema/utils@^0.3.0
123 silly placeDep ROOT @radix-ui/react-accordion@1.2.12 OK for: nextn@0.1.0 want: ^1.2.3
124 silly fetch manifest @radix-ui/react-id@1.1.1
125 silly fetch manifest @radix-ui/primitive@1.1.3
126 silly fetch manifest @radix-ui/react-context@1.1.2
127 silly fetch manifest @radix-ui/react-direction@1.1.1
128 silly fetch manifest @radix-ui/react-primitive@2.1.3
129 silly fetch manifest @radix-ui/react-collection@1.1.7
130 silly fetch manifest @radix-ui/react-collapsible@1.1.12
131 silly fetch manifest @radix-ui/react-compose-refs@1.1.2
132 silly fetch manifest @radix-ui/react-use-controllable-state@1.2.2
133 silly placeDep ROOT @radix-ui/react-alert-dialog@1.1.15 OK for: nextn@0.1.0 want: ^1.1.6
134 silly fetch manifest @radix-ui/react-slot@1.2.3
135 silly fetch manifest @radix-ui/react-dialog@1.1.15
136 silly placeDep ROOT @radix-ui/react-avatar@1.1.11 OK for: nextn@0.1.0 want: ^1.1.3
137 silly fetch manifest @radix-ui/react-context@1.1.3
138 silly fetch manifest @radix-ui/react-use-callback-ref@1.1.1
139 silly fetch manifest @radix-ui/react-primitive@2.1.4
140 silly fetch manifest @radix-ui/react-use-is-hydrated@0.1.0
141 silly fetch manifest @radix-ui/react-use-layout-effect@1.1.1
142 silly placeDep ROOT @radix-ui/react-checkbox@1.3.3 OK for: nextn@0.1.0 want: ^1.1.4
143 silly fetch manifest @radix-ui/react-presence@1.1.5
144 silly fetch manifest @radix-ui/react-use-size@1.1.1
145 silly fetch manifest @radix-ui/react-use-previous@1.1.1
146 silly placeDep ROOT @radix-ui/react-collapsible@1.1.12 OK for: nextn@0.1.0 want: ^1.1.11
147 silly placeDep ROOT @radix-ui/react-dialog@1.1.15 OK for: nextn@0.1.0 want: ^1.1.6
148 silly fetch manifest aria-hidden@^1.2.4
149 silly fetch manifest @radix-ui/react-portal@1.1.9
150 silly fetch manifest @radix-ui/react-focus-scope@1.1.7
151 silly fetch manifest @radix-ui/react-focus-guards@1.1.3
152 silly fetch manifest @radix-ui/react-dismissable-layer@1.1.11
153 silly placeDep ROOT @radix-ui/react-dropdown-menu@2.1.16 OK for: nextn@0.1.0 want: ^2.1.6
154 silly fetch manifest @radix-ui/react-menu@2.1.16
155 silly placeDep ROOT @radix-ui/react-label@2.1.8 OK for: nextn@0.1.0 want: ^2.1.2
156 silly placeDep ROOT @radix-ui/react-menubar@1.1.16 OK for: nextn@0.1.0 want: ^1.1.6
157 silly fetch manifest @radix-ui/react-roving-focus@1.1.11
158 silly placeDep ROOT @radix-ui/react-popover@1.1.15 OK for: nextn@0.1.0 want: ^1.1.6
159 silly fetch manifest @radix-ui/react-popper@1.2.8
160 silly placeDep ROOT @radix-ui/react-progress@1.1.8 OK for: nextn@0.1.0 want: ^1.1.2
161 silly placeDep ROOT @radix-ui/react-radio-group@1.3.8 OK for: nextn@0.1.0 want: ^1.2.3
162 silly placeDep ROOT @radix-ui/react-scroll-area@1.2.10 OK for: nextn@0.1.0 want: ^1.2.3
163 silly fetch manifest @radix-ui/number@1.1.1
164 silly placeDep ROOT @radix-ui/react-select@2.2.6 OK for: nextn@0.1.0 want: ^2.1.6
165 silly fetch manifest @radix-ui/react-visually-hidden@1.2.3
166 silly placeDep ROOT @radix-ui/react-separator@1.1.8 OK for: nextn@0.1.0 want: ^1.1.2
167 silly placeDep ROOT @radix-ui/react-slider@1.3.6 OK for: nextn@0.1.0 want: ^1.2.3
168 silly placeDep ROOT @radix-ui/react-slot@1.2.4 OK for: nextn@0.1.0 want: ^1.2.3
169 silly placeDep ROOT @radix-ui/react-switch@1.2.6 OK for: nextn@0.1.0 want: ^1.1.3
170 silly placeDep ROOT @radix-ui/react-tabs@1.1.13 OK for: nextn@0.1.0 want: ^1.1.3
171 silly placeDep ROOT @radix-ui/react-toast@1.2.15 OK for: nextn@0.1.0 want: ^1.2.6
172 silly placeDep ROOT @radix-ui/react-tooltip@1.2.8 OK for: nextn@0.1.0 want: ^1.1.8
173 silly placeDep ROOT @types/minimatch@6.0.0 OK for: nextn@0.1.0 want: ^6.0.0
174 silly placeDep ROOT @types/negotiator@0.6.4 OK for: nextn@0.1.0 want: ^0.6.3
175 silly placeDep ROOT @types/node@20.19.25 OK for: nextn@0.1.0 want: ^20.19.9
176 silly placeDep ROOT @types/react@18.3.27 OK for: nextn@0.1.0 want: ^18.3.24
177 silly fetch manifest csstype@^3.2.2
178 silly fetch manifest @types/prop-types@*
179 silly placeDep ROOT @types/react-dom@18.3.7 OK for: nextn@0.1.0 want: ^18.3.7
180 silly placeDep ROOT @types/uuid@9.0.8 OK for: nextn@0.1.0 want: ^9.0.8
181 silly placeDep ROOT @types/wav@1.0.4 OK for: nextn@0.1.0 want: ^1.0.3
182 silly placeDep ROOT concurrently@8.2.2 OK for: nextn@0.1.0 want: ^8.2.2
183 silly fetch manifest chalk@^4.1.2
184 silly fetch manifest date-fns@^2.30.0
185 silly placeDep ROOT date-fns@4.1.0 OK for: nextn@0.1.0 want: ^4.1.0
186 silly placeDep ROOT next@14.2.3 OK for: nextn@0.1.0 want: 14.2.3
187 silly fetch manifest busboy@1.6.0
188 silly fetch manifest postcss@8.4.31
189 silly fetch manifest @next/env@14.2.3
190 silly fetch manifest styled-jsx@5.1.1
191 silly fetch manifest @swc/helpers@0.5.5
192 silly fetch manifest caniuse-lite@^1.0.30001579
193 silly fetch manifest @next/swc-darwin-x64@14.2.3
194 silly fetch manifest @next/swc-darwin-arm64@14.2.3
195 silly fetch manifest @next/swc-linux-x64-gnu@14.2.3
196 silly fetch manifest @next/swc-linux-x64-musl@14.2.3
197 silly fetch manifest @next/swc-win32-x64-msvc@14.2.3
198 silly fetch manifest @next/swc-linux-arm64-gnu@14.2.3
199 silly fetch manifest @next/swc-win32-ia32-msvc@14.2.3
200 silly fetch manifest @next/swc-linux-arm64-musl@14.2.3
201 silly fetch manifest @next/swc-win32-arm64-msvc@14.2.3
202 http fetch GET 200 https://registry.npmjs.org/busboy 58ms (cache hit)
203 http fetch GET 200 https://registry.npmjs.org/styled-jsx 59ms (cache hit)
204 http fetch GET 200 https://registry.npmjs.org/@next%2fswc-darwin-arm64 63ms (cache hit)
205 http fetch GET 200 https://registry.npmjs.org/@next%2fenv 77ms (cache hit)
206 http fetch GET 200 https://registry.npmjs.org/@next%2fswc-darwin-x64 86ms (cache hit)
207 http fetch GET 200 https://registry.npmjs.org/@next%2fswc-linux-x64-musl 95ms (cache hit)
208 http fetch GET 200 https://registry.npmjs.org/caniuse-lite 107ms (cache hit)
209 http fetch GET 200 https://registry.npmjs.org/@next%2fswc-linux-x64-gnu 113ms (cache hit)
210 http fetch GET 200 https://registry.npmjs.org/postcss 121ms (cache hit)
211 http fetch GET 200 https://registry.npmjs.org/@swc%2fhelpers 123ms (cache hit)
212 http fetch GET 200 https://registry.npmjs.org/@next%2fswc-linux-arm64-musl 128ms (cache hit)
213 http fetch GET 200 https://registry.npmjs.org/@next%2fswc-win32-arm64-msvc 136ms (cache hit)
214 http fetch GET 200 https://registry.npmjs.org/@next%2fswc-linux-arm64-gnu 146ms (cache hit)
215 http fetch GET 200 https://registry.npmjs.org/@next%2fswc-win32-x64-msvc 155ms (cache hit)
216 http fetch GET 200 https://registry.npmjs.org/@next%2fswc-win32-ia32-msvc 166ms (cache hit)
217 http fetch GET 200 https://registry.npmjs.org/@standard-schema%2futils 243ms (cache miss)
218 http fetch GET 200 https://registry.npmjs.org/aria-hidden 1814ms (cache miss)
219 http fetch GET 200 https://registry.npmjs.org/@radix-ui%2freact-use-is-hydrated 9855ms (cache miss)
220 http fetch GET 200 https://registry.npmjs.org/@types%2fprop-types 9839ms (cache miss)
221 http fetch GET 200 https://registry.npmjs.org/@radix-ui%2fprimitive 9884ms (cache miss)
222 http fetch GET 200 https://registry.npmjs.org/@radix-ui%2fnumber 9858ms (cache miss)
223 http fetch GET 200 https://registry.npmjs.org/chalk 9842ms (cache miss)
224 http fetch GET 200 https://registry.npmjs.org/@radix-ui%2freact-context 9916ms (cache miss)
225 http fetch GET 200 https://registry.npmjs.org/@radix-ui%2freact-direction 9918ms (cache miss)
226 http fetch GET 200 https://registry.npmjs.org/@radix-ui%2freact-compose-refs 9917ms (cache miss)
227 http fetch GET 200 https://registry.npmjs.org/@radix-ui%2freact-context 9915ms (cache miss)
228 http fetch GET 200 https://registry.npmjs.org/@radix-ui%2freact-use-callback-ref 9916ms (cache miss)
229 http fetch GET 200 https://registry.npmjs.org/@radix-ui%2freact-use-layout-effect 9915ms (cache miss)
230 http fetch GET 200 https://registry.npmjs.org/csstype 9880ms (cache miss)
231 http fetch GET 200 https://registry.npmjs.org/@radix-ui%2freact-focus-guards 9913ms (cache miss)
232 http fetch GET 200 https://registry.npmjs.org/@radix-ui%2freact-use-controllable-state 9929ms (cache miss)
233 http fetch GET 200 https://registry.npmjs.org/@radix-ui%2freact-use-previous 9921ms (cache miss)
234 http fetch GET 200 https://registry.npmjs.org/@radix-ui%2freact-id 9934ms (cache miss)
235 http fetch GET 200 https://registry.npmjs.org/@radix-ui%2freact-use-size 9925ms (cache miss)
236 http fetch GET 200 https://registry.npmjs.org/@radix-ui%2freact-presence 9927ms (cache miss)
237 http fetch GET 200 https://registry.npmjs.org/@radix-ui%2freact-focus-scope 9926ms (cache miss)
238 http fetch GET 200 https://registry.npmjs.org/@radix-ui%2freact-primitive 9937ms (cache miss)
239 http fetch GET 200 https://registry.npmjs.org/@radix-ui%2freact-primitive 9945ms (cache miss)
240 http fetch GET 200 https://registry.npmjs.org/@radix-ui%2freact-portal 9933ms (cache miss)
241 http fetch GET 200 https://registry.npmjs.org/@radix-ui%2freact-visually-hidden 9921ms (cache miss)
242 http fetch GET 200 https://registry.npmjs.org/@radix-ui%2freact-popper 9930ms (cache miss)
243 http fetch GET 200 https://registry.npmjs.org/@radix-ui%2freact-collection 9953ms (cache miss)
244 http fetch GET 200 https://registry.npmjs.org/@radix-ui%2freact-dismissable-layer 9939ms (cache miss)
245 http fetch GET 200 https://registry.npmjs.org/@radix-ui%2freact-roving-focus 9937ms (cache miss)
246 http fetch GET 200 https://registry.npmjs.org/@radix-ui%2freact-menu 9949ms (cache miss)
247 timing idealTree:#root Completed in 19391ms
248 timing idealTree:node_modules/@formatjs/intl-localematcher Completed in 0ms
249 timing idealTree:node_modules/@google/generative-ai Completed in 0ms
250 silly placeDep ROOT @standard-schema/utils@0.3.0 OK for: @hookform/resolvers@4.1.3 want: ^0.3.0
251 timing idealTree:node_modules/@hookform/resolvers Completed in 1ms
252 silly fetch manifest @types/react@*
253 silly fetch manifest react@^16.8 || ^17.0 || ^18.0 || ^19.0 || ^19.0.0-rc
254 silly fetch manifest @types/react-dom@*
255 silly fetch manifest react-dom@^16.8 || ^17.0 || ^18.0 || ^19.0 || ^19.0.0-rc
256 silly placeDep ROOT @radix-ui/primitive@1.1.3 OK for: @radix-ui/react-accordion@1.2.12 want: 1.1.3
257 silly placeDep ROOT @radix-ui/react-collection@1.1.7 OK for: @radix-ui/react-accordion@1.2.12 want: 1.1.7
258 silly placeDep ROOT @radix-ui/react-compose-refs@1.1.2 OK for: @radix-ui/react-accordion@1.2.12 want: 1.1.2
259 silly placeDep ROOT @radix-ui/react-context@1.1.2 OK for: @radix-ui/react-accordion@1.2.12 want: 1.1.2
260 silly placeDep ROOT @radix-ui/react-direction@1.1.1 OK for: @radix-ui/react-accordion@1.2.12 want: 1.1.1
261 silly placeDep ROOT @radix-ui/react-id@1.1.1 OK for: @radix-ui/react-accordion@1.2.12 want: 1.1.1
262 silly placeDep ROOT @radix-ui/react-primitive@2.1.3 OK for: @radix-ui/react-accordion@1.2.12 want: 2.1.3
263 silly placeDep ROOT @radix-ui/react-use-controllable-state@1.2.2 OK for: @radix-ui/react-accordion@1.2.12 want: 1.2.2
264 silly fetch manifest @radix-ui/react-use-effect-event@0.0.2
265 http fetch GET 200 https://registry.npmjs.org/@radix-ui%2freact-use-effect-event 181ms (cache miss)
266 timing idealTree:node_modules/@radix-ui/react-accordion Completed in 211ms
267 timing idealTree:node_modules/@radix-ui/primitive Completed in 0ms
268 silly placeDep node_modules/@radix-ui/react-alert-dialog @radix-ui/react-slot@1.2.3 OK for: @radix-ui/react-alert-dialog@1.1.15 want: 1.2.3
269 timing idealTree:node_modules/@radix-ui/react-alert-dialog Completed in 2ms
270 silly placeDep node_modules/@radix-ui/react-avatar @radix-ui/react-context@1.1.3 OK for: @radix-ui/react-avatar@1.1.11 want: 1.1.3
271 silly placeDep node_modules/@radix-ui/react-avatar @radix-ui/react-primitive@2.1.4 OK for: @radix-ui/react-avatar@1.1.11 want: 2.1.4
272 silly placeDep ROOT @radix-ui/react-use-callback-ref@1.1.1 OK for: @radix-ui/react-avatar@1.1.11 want: 1.1.1
273 silly placeDep ROOT @radix-ui/react-use-is-hydrated@0.1.0 OK for: @radix-ui/react-avatar@1.1.11 want: 0.1.0
274 silly placeDep ROOT @radix-ui/react-use-layout-effect@1.1.1 OK for: @radix-ui/react-avatar@1.1.11 want: 1.1.1
275 timing idealTree:node_modules/@radix-ui/react-avatar Completed in 10ms
276 silly placeDep ROOT @radix-ui/react-presence@1.1.5 OK for: @radix-ui/react-checkbox@1.3.3 want: 1.1.5
277 silly placeDep ROOT @radix-ui/react-use-previous@1.1.1 OK for: @radix-ui/react-checkbox@1.3.3 want: 1.1.1
278 silly placeDep ROOT @radix-ui/react-use-size@1.1.1 OK for: @radix-ui/react-checkbox@1.3.3 want: 1.1.1
279 timing idealTree:node_modules/@radix-ui/react-checkbox Completed in 8ms
280 timing idealTree:node_modules/@radix-ui/react-collapsible Completed in 0ms
281 silly placeDep node_modules/@radix-ui/react-collection @radix-ui/react-slot@1.2.3 OK for: @radix-ui/react-collection@1.1.7 want: 1.2.3
282 timing idealTree:node_modules/@radix-ui/react-collection Completed in 1ms
283 timing idealTree:node_modules/@radix-ui/react-compose-refs Completed in 0ms
284 timing idealTree:node_modules/@radix-ui/react-context Completed in 0ms
285 silly placeDep ROOT @radix-ui/react-dismissable-layer@1.1.11 OK for: @radix-ui/react-dialog@1.1.15 want: 1.1.11
286 silly fetch manifest @radix-ui/react-use-escape-keydown@1.1.1
287 silly placeDep ROOT @radix-ui/react-focus-guards@1.1.3 OK for: @radix-ui/react-dialog@1.1.15 want: 1.1.3
288 silly placeDep ROOT @radix-ui/react-focus-scope@1.1.7 OK for: @radix-ui/react-dialog@1.1.15 want: 1.1.7
289 silly placeDep ROOT @radix-ui/react-portal@1.1.9 OK for: @radix-ui/react-dialog@1.1.15 want: 1.1.9
290 silly placeDep node_modules/@radix-ui/react-dialog @radix-ui/react-slot@1.2.3 OK for: @radix-ui/react-dialog@1.1.15 want: 1.2.3
291 silly placeDep ROOT aria-hidden@1.2.6 OK for: @radix-ui/react-dialog@1.1.15 want: ^1.2.4
292 http fetch GET 200 https://registry.npmjs.org/@radix-ui%2freact-use-escape-keydown 272ms (cache miss)
293 timing idealTree:node_modules/@radix-ui/react-dialog Completed in 281ms
294 timing idealTree:node_modules/@radix-ui/react-direction Completed in 0ms
295 silly placeDep ROOT @radix-ui/react-use-escape-keydown@1.1.1 OK for: @radix-ui/react-dismissable-layer@1.1.11 want: 1.1.1
296 timing idealTree:node_modules/@radix-ui/react-dismissable-layer Completed in 2ms
297 silly placeDep ROOT @radix-ui/react-menu@2.1.16 OK for: @radix-ui/react-dropdown-menu@2.1.16 want: 2.1.16
298 timing idealTree:node_modules/@radix-ui/react-dropdown-menu Completed in 5ms
299 timing idealTree:node_modules/@radix-ui/react-focus-guards Completed in 0ms
300 timing idealTree:node_modules/@radix-ui/react-focus-scope Completed in 0ms
301 timing idealTree:node_modules/@radix-ui/react-id Completed in 0ms
302 silly placeDep node_modules/@radix-ui/react-label @radix-ui/react-primitive@2.1.4 OK for: @radix-ui/react-label@2.1.8 want: 2.1.4
303 timing idealTree:node_modules/@radix-ui/react-label Completed in 2ms
304 silly placeDep ROOT @radix-ui/react-popper@1.2.8 OK for: @radix-ui/react-menu@2.1.16 want: 1.2.8
305 silly fetch manifest @radix-ui/rect@1.1.1
306 silly fetch manifest @radix-ui/react-arrow@1.1.7
307 silly fetch manifest @floating-ui/react-dom@^2.0.0
308 silly fetch manifest @radix-ui/react-use-rect@1.1.1
309 silly placeDep ROOT @radix-ui/react-roving-focus@1.1.11 OK for: @radix-ui/react-menu@2.1.16 want: 1.1.11
310 silly placeDep node_modules/@radix-ui/react-menu @radix-ui/react-slot@1.2.3 OK for: @radix-ui/react-menu@2.1.16 want: 1.2.3
311 http fetch GET 200 https://registry.npmjs.org/@radix-ui%2frect 193ms (cache miss)
312 http fetch GET 200 https://registry.npmjs.org/@floating-ui%2freact-dom 214ms (cache miss)
313 http fetch GET 200 https://registry.npmjs.org/@radix-ui%2freact-use-rect 229ms (cache miss)
314 http fetch GET 200 https://registry.npmjs.org/@radix-ui%2freact-arrow 370ms (cache miss)
315 timing idealTree:node_modules/@radix-ui/react-menu Completed in 376ms
316 timing idealTree:node_modules/@radix-ui/react-menubar Completed in 0ms
317 silly placeDep node_modules/@radix-ui/react-popover @radix-ui/react-slot@1.2.3 OK for: @radix-ui/react-popover@1.1.15 want: 1.2.3
318 timing idealTree:node_modules/@radix-ui/react-popover Completed in 2ms
319 silly placeDep ROOT @floating-ui/react-dom@2.1.6 OK for: @radix-ui/react-popper@1.2.8 want: ^2.0.0
320 silly fetch manifest @floating-ui/dom@^1.7.4
321 silly placeDep ROOT @radix-ui/react-arrow@1.1.7 OK for: @radix-ui/react-popper@1.2.8 want: 1.1.7
322 silly placeDep ROOT @radix-ui/react-use-rect@1.1.1 OK for: @radix-ui/react-popper@1.2.8 want: 1.1.1
323 silly placeDep ROOT @radix-ui/rect@1.1.1 OK for: @radix-ui/react-popper@1.2.8 want: 1.1.1
324 http fetch GET 200 https://registry.npmjs.org/@floating-ui%2fdom 232ms (cache miss)
325 timing idealTree:node_modules/@radix-ui/react-popper Completed in 237ms
326 silly placeDep ROOT @floating-ui/dom@1.7.4 OK for: @floating-ui/react-dom@2.1.6 want: ^1.7.4
327 silly fetch manifest @floating-ui/core@^1.7.3
328 silly fetch manifest @floating-ui/utils@^0.2.10
329 http fetch GET 200 https://registry.npmjs.org/@floating-ui%2futils 173ms (cache miss)
330 http fetch GET 200 https://registry.npmjs.org/@floating-ui%2fcore 209ms (cache miss)
331 timing idealTree:node_modules/@floating-ui/react-dom Completed in 210ms
332 silly placeDep ROOT @floating-ui/core@1.7.3 OK for: @floating-ui/dom@1.7.4 want: ^1.7.3
333 silly placeDep ROOT @floating-ui/utils@0.2.10 OK for: @floating-ui/dom@1.7.4 want: ^0.2.10
334 timing idealTree:node_modules/@floating-ui/dom Completed in 2ms
335 timing idealTree:node_modules/@floating-ui/core Completed in 0ms
336 timing idealTree:node_modules/@floating-ui/utils Completed in 0ms
337 timing idealTree:node_modules/@radix-ui/react-arrow Completed in 0ms
338 timing idealTree:node_modules/@radix-ui/react-portal Completed in 0ms
339 timing idealTree:node_modules/@radix-ui/react-presence Completed in 0ms
340 silly placeDep node_modules/@radix-ui/react-primitive @radix-ui/react-slot@1.2.3 OK for: @radix-ui/react-primitive@2.1.3 want: 1.2.3
341 timing idealTree:node_modules/@radix-ui/react-primitive Completed in 2ms
342 silly placeDep node_modules/@radix-ui/react-progress @radix-ui/react-context@1.1.3 OK for: @radix-ui/react-progress@1.1.8 want: 1.1.3
343 silly placeDep node_modules/@radix-ui/react-progress @radix-ui/react-primitive@2.1.4 OK for: @radix-ui/react-progress@1.1.8 want: 2.1.4
344 timing idealTree:node_modules/@radix-ui/react-progress Completed in 3ms
345 timing idealTree:node_modules/@radix-ui/react-radio-group Completed in 0ms
346 timing idealTree:node_modules/@radix-ui/react-roving-focus Completed in 0ms
347 silly placeDep ROOT @radix-ui/number@1.1.1 OK for: @radix-ui/react-scroll-area@1.2.10 want: 1.1.1
348 timing idealTree:node_modules/@radix-ui/react-scroll-area Completed in 1ms
349 timing idealTree:node_modules/@radix-ui/number Completed in 0ms
350 silly placeDep node_modules/@radix-ui/react-select @radix-ui/react-slot@1.2.3 OK for: @radix-ui/react-select@2.2.6 want: 1.2.3
351 silly placeDep ROOT @radix-ui/react-visually-hidden@1.2.3 OK for: @radix-ui/react-select@2.2.6 want: 1.2.3
352 timing idealTree:node_modules/@radix-ui/react-select Completed in 4ms
353 silly placeDep node_modules/@radix-ui/react-separator @radix-ui/react-primitive@2.1.4 OK for: @radix-ui/react-separator@1.1.8 want: 2.1.4
354 timing idealTree:node_modules/@radix-ui/react-separator Completed in 2ms
355 timing idealTree:node_modules/@radix-ui/react-slider Completed in 0ms
356 timing idealTree:node_modules/@radix-ui/react-slot Completed in 0ms
357 timing idealTree:node_modules/@radix-ui/react-switch Completed in 0ms
358 timing idealTree:node_modules/@radix-ui/react-tabs Completed in 0ms
359 timing idealTree:node_modules/@radix-ui/react-toast Completed in 0ms
360 silly placeDep node_modules/@radix-ui/react-tooltip @radix-ui/react-slot@1.2.3 OK for: @radix-ui/react-tooltip@1.2.8 want: 1.2.3
361 timing idealTree:node_modules/@radix-ui/react-tooltip Completed in 1ms
362 timing idealTree:node_modules/@radix-ui/react-use-callback-ref Completed in 0ms
363 silly placeDep ROOT @radix-ui/react-use-effect-event@0.0.2 OK for: @radix-ui/react-use-controllable-state@1.2.2 want: 0.0.2
364 timing idealTree:node_modules/@radix-ui/react-use-controllable-state Completed in 2ms
365 timing idealTree:node_modules/@radix-ui/react-use-effect-event Completed in 0ms
366 timing idealTree:node_modules/@radix-ui/react-use-escape-keydown Completed in 0ms
367 timing idealTree:node_modules/@radix-ui/react-use-is-hydrated Completed in 0ms
368 timing idealTree:node_modules/@radix-ui/react-use-layout-effect Completed in 0ms
369 timing idealTree:node_modules/@radix-ui/react-use-previous Completed in 0ms
370 timing idealTree:node_modules/@radix-ui/react-use-rect Completed in 0ms
371 timing idealTree:node_modules/@radix-ui/react-use-size Completed in 0ms
372 timing idealTree:node_modules/@radix-ui/react-visually-hidden Completed in 0ms
373 timing idealTree:node_modules/@radix-ui/rect Completed in 0ms
374 timing idealTree:node_modules/@standard-schema/utils Completed in 0ms
375 timing idealTree:node_modules/@types/minimatch Completed in 0ms
376 timing idealTree:node_modules/@types/negotiator Completed in 0ms
377 timing idealTree:node_modules/@types/node Completed in 0ms
378 silly placeDep ROOT @types/prop-types@15.7.15 OK for: @types/react@18.3.27 want: *
379 silly placeDep ROOT csstype@3.2.3 OK for: @types/react@18.3.27 want: ^3.2.2
380 timing idealTree:node_modules/@types/react Completed in 1ms
381 timing idealTree:node_modules/@types/prop-types Completed in 0ms
382 timing idealTree:node_modules/@types/react-dom Completed in 0ms
383 timing idealTree:node_modules/@types/uuid Completed in 0ms
384 timing idealTree:node_modules/@types/wav Completed in 0ms
385 timing idealTree:node_modules/aria-hidden Completed in 0ms
386 silly placeDep ROOT chalk@4.1.2 OK for: concurrently@8.2.2 want: ^4.1.2
387 silly fetch manifest ansi-styles@^4.1.0
388 silly fetch manifest supports-color@^7.1.0
389 silly placeDep node_modules/concurrently date-fns@2.30.0 OK for: concurrently@8.2.2 want: ^2.30.0
390 silly fetch manifest @babel/runtime@^7.21.0
391 http fetch GET 200 https://registry.npmjs.org/supports-color 184ms (cache miss)
392 http fetch GET 200 https://registry.npmjs.org/ansi-styles 202ms (cache miss)
393 http fetch GET 200 https://registry.npmjs.org/@babel%2fruntime 259ms (cache miss)
394 timing idealTree:node_modules/concurrently Completed in 263ms
395 silly placeDep ROOT ansi-styles@4.3.0 OK for: chalk@4.1.2 want: ^4.1.0
396 silly fetch manifest color-convert@^2.0.1
397 silly placeDep node_modules/chalk supports-color@7.2.0 OK for: chalk@4.1.2 want: ^7.1.0
398 http fetch GET 200 https://registry.npmjs.org/color-convert 160ms (cache miss)
399 timing idealTree:node_modules/chalk Completed in 162ms
400 silly placeDep ROOT color-convert@2.0.1 OK for: ansi-styles@4.3.0 want: ^2.0.1
401 silly fetch manifest color-name@~1.1.4
402 http fetch GET 200 https://registry.npmjs.org/color-name 189ms (cache miss)
403 timing idealTree:node_modules/ansi-styles Completed in 190ms
404 silly placeDep ROOT color-name@1.1.4 OK for: color-convert@2.0.1 want: ~1.1.4
405 timing idealTree:node_modules/color-convert Completed in 0ms
406 timing idealTree:node_modules/color-name Completed in 0ms
407 timing idealTree:node_modules/csstype Completed in 0ms
408 timing idealTree:node_modules/date-fns Completed in 0ms
409 silly fetch manifest @firebase/ai@2.6.0
410 http fetch GET 200 https://registry.npmjs.org/@firebase%2fai 214ms (cache miss)
411 silly fetch manifest @firebase/app@0.14.6
412 http fetch GET 200 https://registry.npmjs.org/@firebase%2fapp 355ms (cache miss)
413 silly fetch manifest @firebase/app-types@0.9.3
414 http fetch GET 200 https://registry.npmjs.org/@firebase%2fapp-types 833ms (cache miss)
415 silly fetch manifest @firebase/app-compat@0.5.6
416 http fetch GET 200 https://registry.npmjs.org/@firebase%2fapp-compat 705ms (cache miss)
417 silly fetch manifest @firebase/auth@1.11.1
418 http fetch GET 200 https://registry.npmjs.org/@firebase%2fauth 870ms (cache miss)
419 silly fetch manifest @react-native-async-storage/async-storage@^1.18.1
420 http fetch GET 200 https://registry.npmjs.org/@react-native-async-storage%2fasync-storage 210ms (cache miss)
421 silly fetch manifest react-native@^0.0.0-0 || >=0.60 <1.0
422 http fetch GET 200 https://registry.npmjs.org/react-native 777ms (cache miss)
423 silly fetch manifest @types/react@^19.1.1
424 silly fetch manifest react@^19.1.1
425 silly fetch manifest @firebase/auth-compat@0.6.1
426 http fetch GET 200 https://registry.npmjs.org/@firebase%2fauth-compat 564ms (cache miss)
427 silly fetch manifest @firebase/data-connect@0.3.12
428 http fetch GET 200 https://registry.npmjs.org/@firebase%2fdata-connect 270ms (cache miss)
429 silly fetch manifest @firebase/database@1.1.0
430 http fetch GET 200 https://registry.npmjs.org/@firebase%2fdatabase 819ms (cache miss)
431 silly fetch manifest @firebase/database-compat@2.1.0
432 http fetch GET 200 https://registry.npmjs.org/@firebase%2fdatabase-compat 577ms (cache miss)
433 silly fetch manifest @firebase/firestore@4.9.2
434 http fetch GET 200 https://registry.npmjs.org/@firebase%2ffirestore 805ms (cache miss)
435 silly fetch manifest @firebase/firestore-compat@0.4.2
436 http fetch GET 200 https://registry.npmjs.org/@firebase%2ffirestore-compat 547ms (cache miss)
437 silly fetch manifest @firebase/functions@0.13.1
438 http fetch GET 200 https://registry.npmjs.org/@firebase%2ffunctions 770ms (cache miss)
439 silly fetch manifest @firebase/functions-compat@0.4.1
440 http fetch GET 200 https://registry.npmjs.org/@firebase%2ffunctions-compat 552ms (cache miss)
441 silly fetch manifest @firebase/installations@0.6.19
442 http fetch GET 200 https://registry.npmjs.org/@firebase%2finstallations 730ms (cache miss)
443 silly fetch manifest @firebase/installations-compat@0.2.19
444 http fetch GET 200 https://registry.npmjs.org/@firebase%2finstallations-compat 303ms (cache miss)
445 silly fetch manifest @firebase/messaging@0.12.23
446 http fetch GET 200 https://registry.npmjs.org/@firebase%2fmessaging 510ms (cache miss)
447 silly fetch manifest @firebase/messaging-compat@0.2.23
448 http fetch GET 200 https://registry.npmjs.org/@firebase%2fmessaging-compat 378ms (cache miss)
449 silly fetch manifest @firebase/storage@0.14.0
450 http fetch GET 200 https://registry.npmjs.org/@firebase%2fstorage 413ms (cache miss)
451 silly fetch manifest @firebase/storage-compat@0.4.0
452 http fetch GET 200 https://registry.npmjs.org/@firebase%2fstorage-compat 587ms (cache miss)
453 silly fetch manifest @firebase/performance@0.7.9
454 http fetch GET 200 https://registry.npmjs.org/@firebase%2fperformance 620ms (cache miss)
455 silly fetch manifest @firebase/performance-compat@0.2.22
456 http fetch GET 200 https://registry.npmjs.org/@firebase%2fperformance-compat 333ms (cache miss)
457 silly fetch manifest @firebase/remote-config@0.7.0
458 http fetch GET 200 https://registry.npmjs.org/@firebase%2fremote-config 840ms (cache miss)
459 silly fetch manifest @firebase/remote-config-compat@0.2.20
460 http fetch GET 200 https://registry.npmjs.org/@firebase%2fremote-config-compat 298ms (cache miss)
461 silly fetch manifest @firebase/analytics@0.10.19
462 http fetch GET 200 https://registry.npmjs.org/@firebase%2fanalytics 423ms (cache miss)
463 silly fetch manifest @firebase/analytics-compat@0.2.25
464 http fetch GET 200 https://registry.npmjs.org/@firebase%2fanalytics-compat 258ms (cache miss)
465 silly fetch manifest @firebase/app-check@0.11.0
466 http fetch GET 200 https://registry.npmjs.org/@firebase%2fapp-check 335ms (cache miss)
467 silly fetch manifest @firebase/app-check-compat@0.4.0
468 http fetch GET 200 https://registry.npmjs.org/@firebase%2fapp-check-compat 403ms (cache miss)
469 silly fetch manifest @firebase/util@1.13.0
470 http fetch GET 200 https://registry.npmjs.org/@firebase%2futil 494ms (cache miss)
471 silly placeDep ROOT @firebase/ai@2.6.0 OK for: firebase@12.6.0 want: 2.6.0
472 silly placeDep ROOT @firebase/app@0.14.6 OK for: @firebase/ai@2.6.0 want: 0.x
473 silly placeDep ROOT @firebase/app-types@0.9.3 OK for: @firebase/ai@2.6.0 want: 0.x
474 silly fetch manifest @firebase/logger@0.5.0
475 silly fetch manifest @firebase/component@0.7.0
476 silly fetch manifest @firebase/app-check-interop-types@0.3.3
477 silly placeDep ROOT @firebase/analytics@0.10.19 OK for: firebase@12.6.0 want: 0.10.19
478 silly placeDep ROOT @firebase/analytics-compat@0.2.25 OK for: firebase@12.6.0 want: 0.2.25
479 silly placeDep ROOT @firebase/app-compat@0.5.6 OK for: @firebase/analytics-compat@0.2.25 want: 0.x
480 silly fetch manifest @firebase/analytics-types@0.8.3
481 silly placeDep ROOT @firebase/app-check@0.11.0 OK for: firebase@12.6.0 want: 0.11.0
482 silly placeDep ROOT @firebase/app-check-compat@0.4.0 OK for: firebase@12.6.0 want: 0.4.0
483 silly fetch manifest @firebase/app-check-types@0.5.3
484 silly placeDep node_modules/firebase @firebase/auth@1.11.1 REPLACE for: firebase@12.6.0 want: 1.11.1
485 silly placeDep ROOT @firebase/auth-compat@0.6.1 OK for: firebase@12.6.0 want: 0.6.1
486 silly fetch manifest @firebase/auth-types@0.13.0
487 silly placeDep ROOT @firebase/data-connect@0.3.12 OK for: firebase@12.6.0 want: 0.3.12
488 silly fetch manifest @firebase/auth-interop-types@0.2.4
489 silly placeDep ROOT @firebase/database@1.1.0 OK for: firebase@12.6.0 want: 1.1.0
490 silly fetch manifest faye-websocket@0.11.4
491 silly placeDep ROOT @firebase/database-compat@2.1.0 OK for: firebase@12.6.0 want: 2.1.0
492 silly fetch manifest @firebase/database-types@1.0.16
493 silly placeDep ROOT @firebase/firestore@4.9.2 OK for: firebase@12.6.0 want: 4.9.2
494 silly fetch manifest @grpc/grpc-js@~1.9.0
495 silly fetch manifest @grpc/proto-loader@^0.7.8
496 silly fetch manifest @firebase/webchannel-wrapper@1.0.5
497 silly placeDep ROOT @firebase/firestore-compat@0.4.2 OK for: firebase@12.6.0 want: 0.4.2
498 silly fetch manifest @firebase/firestore-types@3.0.3
499 silly placeDep ROOT @firebase/functions@0.13.1 OK for: firebase@12.6.0 want: 0.13.1
500 silly fetch manifest @firebase/messaging-interop-types@0.2.3
501 silly placeDep ROOT @firebase/functions-compat@0.4.1 OK for: firebase@12.6.0 want: 0.4.1
502 silly fetch manifest @firebase/functions-types@0.6.3
503 silly placeDep ROOT @firebase/installations@0.6.19 OK for: firebase@12.6.0 want: 0.6.19
504 silly placeDep ROOT @firebase/installations-compat@0.2.19 OK for: firebase@12.6.0 want: 0.2.19
505 silly fetch manifest @firebase/installations-types@0.5.3
506 silly placeDep ROOT @firebase/messaging@0.12.23 OK for: firebase@12.6.0 want: 0.12.23
507 silly placeDep ROOT @firebase/messaging-compat@0.2.23 OK for: firebase@12.6.0 want: 0.2.23
508 silly placeDep ROOT @firebase/performance@0.7.9 OK for: firebase@12.6.0 want: 0.7.9
509 silly placeDep ROOT @firebase/performance-compat@0.2.22 OK for: firebase@12.6.0 want: 0.2.22
510 silly fetch manifest @firebase/performance-types@0.2.3
511 silly placeDep ROOT @firebase/remote-config@0.7.0 OK for: firebase@12.6.0 want: 0.7.0
512 silly placeDep ROOT @firebase/remote-config-compat@0.2.20 OK for: firebase@12.6.0 want: 0.2.20
513 silly fetch manifest @firebase/remote-config-types@0.5.0
514 silly placeDep ROOT @firebase/storage@0.14.0 OK for: firebase@12.6.0 want: 0.14.0
515 silly placeDep ROOT @firebase/storage-compat@0.4.0 OK for: firebase@12.6.0 want: 0.4.0
516 silly fetch manifest @firebase/storage-types@0.8.3
517 silly placeDep ROOT @firebase/util@1.13.0 OK for: firebase@12.6.0 want: 1.13.0
518 http fetch GET 200 https://registry.npmjs.org/faye-websocket 193ms (cache miss)
519 http fetch GET 200 https://registry.npmjs.org/@grpc%2fproto-loader 213ms (cache miss)
520 http fetch GET 200 https://registry.npmjs.org/@grpc%2fgrpc-js 543ms (cache miss)
521 http fetch GET 200 https://registry.npmjs.org/@firebase%2fapp-check-interop-types 592ms (cache miss)
522 http fetch GET 200 https://registry.npmjs.org/@firebase%2fapp-check-types 608ms (cache miss)
523 http fetch GET 200 https://registry.npmjs.org/@firebase%2fperformance-types 719ms (cache miss)
524 http fetch GET 200 https://registry.npmjs.org/@firebase%2fcomponent 774ms (cache miss)
525 http fetch GET 200 https://registry.npmjs.org/@firebase%2fmessaging-interop-types 796ms (cache miss)
526 http fetch GET 200 https://registry.npmjs.org/@firebase%2flogger 1010ms (cache miss)
527 http fetch GET 200 https://registry.npmjs.org/@firebase%2finstallations-types 1014ms (cache miss)
528 http fetch GET 200 https://registry.npmjs.org/@firebase%2fanalytics-types 1049ms (cache miss)
529 http fetch GET 200 https://registry.npmjs.org/@firebase%2fauth-interop-types 1070ms (cache miss)
530 http fetch GET 200 https://registry.npmjs.org/@firebase%2ffirestore-types 1079ms (cache miss)
531 http fetch GET 200 https://registry.npmjs.org/@firebase%2fremote-config-types 1098ms (cache miss)
532 http fetch GET 200 https://registry.npmjs.org/@firebase%2fdatabase-types 1128ms (cache miss)
533 http fetch GET 200 https://registry.npmjs.org/@firebase%2fauth-types 1147ms (cache miss)
534 http fetch GET 200 https://registry.npmjs.org/@firebase%2ffunctions-types 1149ms (cache miss)
535 http fetch GET 200 https://registry.npmjs.org/@firebase%2fstorage-types 1164ms (cache miss)
536 http fetch GET 200 https://registry.npmjs.org/@firebase%2fwebchannel-wrapper 1429ms (cache miss)
537 timing idealTree:node_modules/firebase Completed in 17562ms
538 silly placeDep ROOT @firebase/app-check-interop-types@0.3.3 OK for: @firebase/ai@2.6.0 want: 0.3.3
539 silly placeDep ROOT @firebase/component@0.7.0 OK for: @firebase/ai@2.6.0 want: 0.7.0
540 silly placeDep ROOT @firebase/logger@0.5.0 OK for: @firebase/ai@2.6.0 want: 0.5.0
541 timing idealTree:node_modules/@firebase/ai Completed in 4ms
542 timing idealTree:node_modules/@firebase/analytics Completed in 0ms
543 silly placeDep ROOT @firebase/analytics-types@0.8.3 OK for: @firebase/analytics-compat@0.2.25 want: 0.8.3
544 timing idealTree:node_modules/@firebase/analytics-compat Completed in 0ms
545 timing idealTree:node_modules/@firebase/analytics-types Completed in 0ms
546 timing idealTree:node_modules/@firebase/app Completed in 0ms
547 timing idealTree:node_modules/@firebase/app-check Completed in 1ms
548 silly placeDep ROOT @firebase/app-check-types@0.5.3 OK for: @firebase/app-check-compat@0.4.0 want: 0.5.3
549 timing idealTree:node_modules/@firebase/app-check-compat Completed in 0ms
550 timing idealTree:node_modules/@firebase/app-check-interop-types Completed in 0ms
551 timing idealTree:node_modules/@firebase/app-check-types Completed in 0ms
552 timing idealTree:node_modules/@firebase/app-compat Completed in 0ms
553 timing idealTree:node_modules/@firebase/app-types Completed in 0ms
554 silly fetch manifest @firebase/app@0.x
555 silly fetch manifest @firebase/app-types@0.x
556 silly placeDep node_modules/@firebase/auth-compat @firebase/auth@1.11.1 OK for: @firebase/auth-compat@0.6.1 want: 1.11.1
557 silly placeDep ROOT @firebase/auth-types@0.13.0 OK for: @firebase/auth-compat@0.6.1 want: 0.13.0
558 timing idealTree:node_modules/@firebase/auth-compat Completed in 4ms
559 timing idealTree:node_modules/@firebase/auth-types Completed in 0ms
560 timing idealTree:node_modules/@firebase/component Completed in 0ms
561 silly placeDep ROOT @firebase/auth-interop-types@0.2.4 OK for: @firebase/data-connect@0.3.12 want: 0.2.4
562 timing idealTree:node_modules/@firebase/data-connect Completed in 1ms
563 timing idealTree:node_modules/@firebase/auth-interop-types Completed in 0ms
564 silly placeDep ROOT faye-websocket@0.11.4 OK for: @firebase/database@1.1.0 want: 0.11.4
565 timing idealTree:node_modules/@firebase/database Completed in 1ms
566 silly placeDep ROOT @firebase/database-types@1.0.16 OK for: @firebase/database-compat@2.1.0 want: 1.0.16
567 timing idealTree:node_modules/@firebase/database-compat Completed in 0ms
568 timing idealTree:node_modules/@firebase/database-types Completed in 0ms
569 silly placeDep ROOT @firebase/webchannel-wrapper@1.0.5 OK for: @firebase/firestore@4.9.2 want: 1.0.5
570 silly placeDep ROOT @grpc/grpc-js@1.9.15 OK for: @firebase/firestore@4.9.2 want: ~1.9.0
571 silly placeDep ROOT @grpc/proto-loader@0.7.15 OK for: @firebase/firestore@4.9.2 want: ^0.7.8
572 timing idealTree:node_modules/@firebase/firestore Completed in 10ms
573 silly placeDep ROOT @firebase/firestore-types@3.0.3 OK for: @firebase/firestore-compat@0.4.2 want: 3.0.3
574 timing idealTree:node_modules/@firebase/firestore-compat Completed in 1ms
575 timing idealTree:node_modules/@firebase/firestore-types Completed in 0ms
576 silly placeDep ROOT @firebase/messaging-interop-types@0.2.3 OK for: @firebase/functions@0.13.1 want: 0.2.3
577 timing idealTree:node_modules/@firebase/functions Completed in 1ms
578 silly placeDep ROOT @firebase/functions-types@0.6.3 OK for: @firebase/functions-compat@0.4.1 want: 0.6.3
579 timing idealTree:node_modules/@firebase/functions-compat Completed in 0ms
580 timing idealTree:node_modules/@firebase/functions-types Completed in 0ms
581 timing idealTree:node_modules/@firebase/installations Completed in 0ms
582 silly placeDep ROOT @firebase/installations-types@0.5.3 OK for: @firebase/installations-compat@0.2.19 want: 0.5.3
583 timing idealTree:node_modules/@firebase/installations-compat Completed in 1ms
584 timing idealTree:node_modules/@firebase/installations-types Completed in 0ms
585 timing idealTree:node_modules/@firebase/logger Completed in 0ms
586 timing idealTree:node_modules/@firebase/messaging Completed in 0ms
587 timing idealTree:node_modules/@firebase/messaging-compat Completed in 0ms
588 timing idealTree:node_modules/@firebase/messaging-interop-types Completed in 0ms
589 timing idealTree:node_modules/@firebase/performance Completed in 0ms
590 silly placeDep ROOT @firebase/performance-types@0.2.3 OK for: @firebase/performance-compat@0.2.22 want: 0.2.3
591 timing idealTree:node_modules/@firebase/performance-compat Completed in 1ms
592 timing idealTree:node_modules/@firebase/performance-types Completed in 0ms
593 timing idealTree:node_modules/@firebase/remote-config Completed in 0ms
594 silly placeDep ROOT @firebase/remote-config-types@0.5.0 OK for: @firebase/remote-config-compat@0.2.20 want: 0.5.0
595 timing idealTree:node_modules/@firebase/remote-config-compat Completed in 0ms
596 timing idealTree:node_modules/@firebase/remote-config-types Completed in 0ms
597 timing idealTree:node_modules/@firebase/storage Completed in 0ms
598 silly placeDep ROOT @firebase/storage-types@0.8.3 OK for: @firebase/storage-compat@0.4.0 want: 0.8.3
599 timing idealTree:node_modules/@firebase/storage-compat Completed in 2ms
600 timing idealTree:node_modules/@firebase/storage-types Completed in 0ms
601 timing idealTree:node_modules/@firebase/util Completed in 0ms
602 timing idealTree:node_modules/@firebase/webchannel-wrapper Completed in 0ms
603 timing idealTree:node_modules/@grpc/grpc-js Completed in 0ms
604 timing idealTree:node_modules/@grpc/proto-loader Completed in 0ms
605 timing idealTree:node_modules/faye-websocket Completed in 0ms
606 silly fetch manifest @electric-sql/pglite@^0.2.16
607 http fetch GET 200 https://registry.npmjs.org/@electric-sql%2fpglite 177ms (cache miss)
608 silly fetch manifest @google-cloud/cloud-sql-connector@^1.3.3
609 http fetch GET 200 https://registry.npmjs.org/@google-cloud%2fcloud-sql-connector 184ms (cache miss)
610 silly fetch manifest @google-cloud/pubsub@^4.5.0
611 http fetch GET 200 https://registry.npmjs.org/@google-cloud%2fpubsub 185ms (cache miss)
612 silly fetch manifest abort-controller@^3.0.0
613 http fetch GET 200 https://registry.npmjs.org/abort-controller 154ms (cache miss)
614 silly fetch manifest ajv@^8.17.1
615 http fetch GET 200 https://registry.npmjs.org/ajv 196ms (cache miss)
616 silly fetch manifest ajv-formats@3.0.1
617 http fetch GET 200 https://registry.npmjs.org/ajv-formats 166ms (cache miss)
618 silly fetch manifest archiver@^7.0.0
619 http fetch GET 200 https://registry.npmjs.org/archiver 166ms (cache miss)
620 silly fetch manifest async-lock@1.4.1
621 http fetch GET 200 https://registry.npmjs.org/async-lock 163ms (cache miss)
622 silly fetch manifest body-parser@^1.19.0
623 http fetch GET 200 https://registry.npmjs.org/body-parser 160ms (cache miss)
624 silly fetch manifest chokidar@^3.6.0
625 http fetch GET 200 https://registry.npmjs.org/chokidar 164ms (cache miss)
626 silly fetch manifest cjson@^0.3.1
627 http fetch GET 200 https://registry.npmjs.org/cjson 177ms (cache miss)
628 silly fetch manifest cli-table3@0.6.5
629 http fetch GET 200 https://registry.npmjs.org/cli-table3 173ms (cache miss)
630 silly fetch manifest colorette@^2.0.19
631 http fetch GET 200 https://registry.npmjs.org/colorette 212ms (cache miss)
632 silly fetch manifest configstore@^5.0.1
633 http fetch GET 200 https://registry.npmjs.org/configstore 173ms (cache miss)
634 silly fetch manifest cors@^2.8.5
635 http fetch GET 200 https://registry.npmjs.org/cors 188ms (cache miss)
636 silly fetch manifest cross-env@^7.0.3
637 http fetch GET 200 https://registry.npmjs.org/cross-env 168ms (cache miss)
638 silly fetch manifest cross-spawn@^7.0.5
639 http fetch GET 200 https://registry.npmjs.org/cross-spawn 165ms (cache miss)
640 silly fetch manifest csv-parse@^5.0.4
641 http fetch GET 200 https://registry.npmjs.org/csv-parse 168ms (cache miss)
642 silly fetch manifest deep-equal-in-any-order@^2.0.6
643 http fetch GET 200 https://registry.npmjs.org/deep-equal-in-any-order 205ms (cache miss)
644 silly fetch manifest exegesis@^4.2.0
645 http fetch GET 200 https://registry.npmjs.org/exegesis 198ms (cache miss)
646 silly fetch manifest exegesis-express@^4.0.0
647 http fetch GET 200 https://registry.npmjs.org/exegesis-express 200ms (cache miss)
648 silly fetch manifest express@^4.16.4
649 http fetch GET 200 https://registry.npmjs.org/express 166ms (cache miss)
650 silly fetch manifest filesize@^6.1.0
651 http fetch GET 200 https://registry.npmjs.org/filesize 168ms (cache miss)
652 silly placeDep ROOT @electric-sql/pglite@0.2.17 OK for: firebase-tools@13.35.1 want: ^0.2.16
653 silly placeDep ROOT @google-cloud/cloud-sql-connector@1.8.4 OK for: firebase-tools@13.35.1 want: ^1.3.3
654 silly fetch manifest @googleapis/sqladmin@^31.1.0
655 silly fetch manifest gaxios@^7.1.2
656 silly fetch manifest google-auth-library@^10.4.0
657 silly placeDep ROOT @google-cloud/pubsub@4.11.0 OK for: firebase-tools@13.35.1 want: ^4.5.0
658 silly fetch manifest arrify@^2.0.0
659 silly fetch manifest extend@^3.0.2
660 silly fetch manifest @opentelemetry/api@~1.9.0
661 silly fetch manifest @google-cloud/paginator@^5.0.0
662 silly fetch manifest @google-cloud/promisify@~4.0.0
663 silly fetch manifest @google-cloud/projectify@^4.0.0
664 silly fetch manifest @google-cloud/precise-date@^4.0.0
665 silly fetch manifest @opentelemetry/semantic-conventions@~1.30.0
666 silly placeDep ROOT abort-controller@3.0.0 OK for: firebase-tools@13.35.1 want: ^3.0.0
667 silly fetch manifest event-target-shim@^5.0.0
668 silly placeDep ROOT ajv@8.17.1 OK for: firebase-tools@13.35.1 want: ^8.17.1
669 silly fetch manifest fast-uri@^3.0.1
670 silly fetch manifest fast-deep-equal@^3.1.3
671 silly placeDep ROOT ajv-formats@3.0.1 OK for: firebase-tools@13.35.1 want: 3.0.1
672 silly placeDep ROOT archiver@7.0.1 OK for: firebase-tools@13.35.1 want: ^7.0.0
673 silly fetch manifest archiver-utils@^5.0.2
674 silly fetch manifest async@^3.2.4
675 silly fetch manifest buffer-crc32@^1.0.0
676 silly fetch manifest readable-stream@^4.0.0
677 silly placeDep ROOT async-lock@1.4.1 OK for: firebase-tools@13.35.1 want: 1.4.1
678 silly placeDep ROOT body-parser@1.20.3 OK for: firebase-tools@13.35.1 want: ^1.19.0
679 silly fetch manifest depd@2.0.0
680 silly fetch manifest bytes@3.1.2
681 silly fetch manifest debug@2.6.9
682 silly fetch manifest destroy@1.2.0
683 silly fetch manifest content-type@~1.0.5
684 silly placeDep ROOT chokidar@3.6.0 OK for: firebase-tools@13.35.1 want: ^3.6.0
685 silly fetch manifest braces@~3.0.2
686 silly fetch manifest anymatch@~3.1.2
687 silly fetch manifest fsevents@~2.3.2
688 silly placeDep ROOT cjson@0.3.3 OK for: firebase-tools@13.35.1 want: ^0.3.1
689 silly placeDep ROOT cli-table3@0.6.5 OK for: firebase-tools@13.35.1 want: 0.6.5
690 silly fetch manifest @colors/colors@1.5.0
691 silly placeDep ROOT colorette@2.0.20 OK for: firebase-tools@13.35.1 want: ^2.0.19
692 silly placeDep ROOT configstore@5.0.1 OK for: firebase-tools@13.35.1 want: ^5.0.1
693 silly fetch manifest dot-prop@^5.2.0
694 silly placeDep ROOT cors@2.8.5 OK for: firebase-tools@13.35.1 want: ^2.8.5
695 silly placeDep ROOT cross-env@7.0.3 OK for: firebase-tools@13.35.1 want: ^7.0.3
696 silly fetch manifest cross-spawn@^7.0.1
697 silly placeDep ROOT cross-spawn@7.0.6 OK for: firebase-tools@13.35.1 want: ^7.0.5
698 silly placeDep ROOT csv-parse@5.6.0 OK for: firebase-tools@13.35.1 want: ^5.0.4
699 silly placeDep ROOT deep-equal-in-any-order@2.1.0 OK for: firebase-tools@13.35.1 want: ^2.0.6
700 silly placeDep ROOT exegesis@4.3.0 OK for: firebase-tools@13.35.1 want: ^4.2.0
701 silly fetch manifest @apidevtools/json-schema-ref-parser@^9.0.3
702 silly fetch manifest ajv-formats@^2.1.0
703 silly fetch manifest content-type@^1.0.4
704 silly fetch manifest deep-freeze@0.0.1
705 silly fetch manifest events-listener@^1.1.0
706 silly fetch manifest glob@^10.3.10
707 silly placeDep ROOT exegesis-express@4.0.0 OK for: firebase-tools@13.35.1 want: ^4.0.0
708 silly placeDep ROOT express@4.21.2 OK for: firebase-tools@13.35.1 want: ^4.16.4
709 silly fetch manifest etag@~1.8.1
710 silly fetch manifest cookie@0.7.1
711 silly fetch manifest accepts@~1.3.8
712 silly fetch manifest encodeurl@~2.0.0
713 silly fetch manifest escape-html@~1.0.3
714 silly fetch manifest content-type@~1.0.4
715 silly fetch manifest finalhandler@1.3.1
716 silly fetch manifest array-flatten@1.1.1
717 silly fetch manifest cookie-signature@1.0.6
718 silly fetch manifest content-disposition@0.5.4
719 silly placeDep ROOT filesize@6.4.0 OK for: firebase-tools@13.35.1 want: ^6.1.0
720 http fetch GET 200 https://registry.npmjs.org/fast-deep-equal 203ms (cache miss)
721 http fetch GET 200 https://registry.npmjs.org/archiver-utils 202ms (cache miss)
722 http fetch GET 200 https://registry.npmjs.org/extend 221ms (cache miss)
723 http fetch GET 200 https://registry.npmjs.org/@google-cloud%2fprecise-date 222ms (cache miss)
724 http fetch GET 200 https://registry.npmjs.org/@google-cloud%2fpromisify 223ms (cache miss)
725 http fetch GET 200 https://registry.npmjs.org/@google-cloud%2fpaginator 224ms (cache miss)
726 http fetch GET 200 https://registry.npmjs.org/event-target-shim 223ms (cache miss)
727 http fetch GET 200 https://registry.npmjs.org/async 220ms (cache miss)
728 http fetch GET 200 https://registry.npmjs.org/@google-cloud%2fprojectify 227ms (cache miss)
729 http fetch GET 200 https://registry.npmjs.org/fast-uri 225ms (cache miss)
730 http fetch GET 200 https://registry.npmjs.org/gaxios 230ms (cache miss)
731 http fetch GET 200 https://registry.npmjs.org/arrify 234ms (cache miss)
732 http fetch GET 200 https://registry.npmjs.org/@opentelemetry%2fsemantic-conventions 236ms (cache miss)
733 http fetch GET 200 https://registry.npmjs.org/google-auth-library 259ms (cache miss)
734 http fetch GET 200 https://registry.npmjs.org/@googleapis%2fsqladmin 284ms (cache miss)
735 http fetch GET 200 https://registry.npmjs.org/buffer-crc32 356ms (cache miss)
736 http fetch GET 200 https://registry.npmjs.org/anymatch 363ms (cache miss)
737 http fetch GET 200 https://registry.npmjs.org/content-type 369ms (cache miss)
738 http fetch GET 200 https://registry.npmjs.org/fsevents 369ms (cache miss)
739 http fetch GET 200 https://registry.npmjs.org/debug 372ms (cache miss)
740 http fetch GET 200 https://registry.npmjs.org/destroy 373ms (cache miss)
741 http fetch GET 200 https://registry.npmjs.org/bytes 374ms (cache miss)
742 http fetch GET 200 https://registry.npmjs.org/depd 375ms (cache miss)
743 http fetch GET 200 https://registry.npmjs.org/readable-stream 378ms (cache miss)
744 http fetch GET 200 https://registry.npmjs.org/dot-prop 379ms (cache miss)
745 http fetch GET 200 https://registry.npmjs.org/braces 384ms (cache miss)
746 http fetch GET 200 https://registry.npmjs.org/content-type 392ms (cache miss)
747 http fetch GET 200 https://registry.npmjs.org/@colors%2fcolors 405ms (cache miss)
748 http fetch GET 200 https://registry.npmjs.org/events-listener 428ms (cache miss)
749 http fetch GET 200 https://registry.npmjs.org/@apidevtools%2fjson-schema-ref-parser 449ms (cache miss)
750 http fetch GET 200 https://registry.npmjs.org/etag 500ms (cache miss)
751 http fetch GET 200 https://registry.npmjs.org/cookie 504ms (cache miss)
752 http fetch GET 200 https://registry.npmjs.org/deep-freeze 507ms (cache miss)
753 http fetch GET 200 https://registry.npmjs.org/accepts 505ms (cache miss)
754 http fetch GET 200 https://registry.npmjs.org/encodeurl 515ms (cache miss)
755 http fetch GET 200 https://registry.npmjs.org/array-flatten 521ms (cache miss)
756 http fetch GET 200 https://registry.npmjs.org/finalhandler 527ms (cache miss)
757 http fetch GET 200 https://registry.npmjs.org/content-disposition 525ms (cache miss)
758 http fetch GET 200 https://registry.npmjs.org/escape-html 537ms (cache miss)
759 http fetch GET 200 https://registry.npmjs.org/glob 541ms (cache miss)
760 http fetch GET 200 https://registry.npmjs.org/content-type 543ms (cache miss)
761 http fetch GET 200 https://registry.npmjs.org/cookie-signature 558ms (cache miss)
762 timing idealTree:node_modules/firebase-tools Completed in 4699ms
763 timing idealTree:node_modules/@electric-sql/pglite Completed in 0ms
764 silly placeDep ROOT @googleapis/sqladmin@31.1.0 OK for: @google-cloud/cloud-sql-connector@1.8.4 want: ^31.1.0
765 silly placeDep node_modules/@google-cloud/cloud-sql-connector gaxios@7.1.3 OK for: @google-cloud/cloud-sql-connector@1.8.4 want: ^7.1.2
766 silly fetch manifest rimraf@^5.0.1
767 silly placeDep node_modules/@google-cloud/cloud-sql-connector google-auth-library@10.5.0 OK for: @google-cloud/cloud-sql-connector@1.8.4 want: ^10.4.0
768 silly fetch manifest base64-js@^1.3.0
769 silly fetch manifest ecdsa-sig-formatter@^1.0.11
770 silly fetch manifest gcp-metadata@^8.0.0
771 silly fetch manifest google-logging-utils@^1.0.0
772 silly fetch manifest gtoken@^8.0.0
773 http fetch GET 200 https://registry.npmjs.org/base64-js 166ms (cache miss)
774 http fetch GET 200 https://registry.npmjs.org/gtoken 166ms (cache miss)
775 http fetch GET 200 https://registry.npmjs.org/gcp-metadata 177ms (cache miss)
776 http fetch GET 200 https://registry.npmjs.org/rimraf 181ms (cache miss)
777 http fetch GET 200 https://registry.npmjs.org/google-logging-utils 191ms (cache miss)
778 http fetch GET 200 https://registry.npmjs.org/ecdsa-sig-formatter 195ms (cache miss)
779 timing idealTree:node_modules/@google-cloud/cloud-sql-connector Completed in 200ms
780 silly placeDep ROOT @google-cloud/paginator@5.0.2 OK for: @google-cloud/pubsub@4.11.0 want: ^5.0.0
781 silly placeDep ROOT @google-cloud/precise-date@4.0.0 OK for: @google-cloud/pubsub@4.11.0 want: ^4.0.0
782 silly placeDep ROOT @google-cloud/projectify@4.0.0 OK for: @google-cloud/pubsub@4.11.0 want: ^4.0.0
783 silly placeDep ROOT @google-cloud/promisify@4.0.0 OK for: @google-cloud/pubsub@4.11.0 want: ~4.0.0
784 silly placeDep ROOT @opentelemetry/api@1.9.0 OK for: @google-cloud/pubsub@4.11.0 want: ~1.9.0
785 silly placeDep ROOT @opentelemetry/semantic-conventions@1.30.0 OK for: @google-cloud/pubsub@4.11.0 want: ~1.30.0
786 silly placeDep ROOT arrify@2.0.1 OK for: @google-cloud/pubsub@4.11.0 want: ^2.0.0
787 silly placeDep ROOT extend@3.0.2 OK for: @google-cloud/pubsub@4.11.0 want: ^3.0.2
788 timing idealTree:node_modules/@google-cloud/pubsub Completed in 5ms
789 timing idealTree:node_modules/@google-cloud/paginator Completed in 1ms
790 timing idealTree:node_modules/@google-cloud/precise-date Completed in 0ms
791 timing idealTree:node_modules/@google-cloud/projectify Completed in 0ms
792 timing idealTree:node_modules/@google-cloud/promisify Completed in 0ms
793 timing idealTree:node_modules/@googleapis/sqladmin Completed in 0ms
794 timing idealTree:node_modules/@opentelemetry/api Completed in 0ms
795 timing idealTree:node_modules/@opentelemetry/semantic-conventions Completed in 0ms
796 silly placeDep ROOT event-target-shim@5.0.1 OK for: abort-controller@3.0.0 want: ^5.0.0
797 timing idealTree:node_modules/abort-controller Completed in 0ms
798 silly placeDep ROOT fast-deep-equal@3.1.3 OK for: ajv@8.17.1 want: ^3.1.3
799 silly placeDep ROOT fast-uri@3.1.0 OK for: ajv@8.17.1 want: ^3.0.1
800 timing idealTree:node_modules/ajv Completed in 1ms
801 timing idealTree:node_modules/ajv-formats Completed in 0ms
802 silly placeDep ROOT archiver-utils@5.0.2 OK for: archiver@7.0.1 want: ^5.0.2
803 silly fetch manifest glob@^10.0.0
804 silly placeDep ROOT async@3.2.6 OK for: archiver@7.0.1 want: ^3.2.4
805 silly placeDep ROOT buffer-crc32@1.0.0 OK for: archiver@7.0.1 want: ^1.0.0
806 silly placeDep node_modules/archiver readable-stream@4.7.0 OK for: archiver@7.0.1 want: ^4.0.0
807 silly fetch manifest buffer@^6.0.3
808 silly fetch manifest events@^3.3.0
809 silly fetch manifest process@^0.11.10
810 http fetch GET 200 https://registry.npmjs.org/process 161ms (cache miss)
811 http fetch GET 200 https://registry.npmjs.org/events 169ms (cache miss)
812 http fetch GET 200 https://registry.npmjs.org/buffer 170ms (cache miss)
813 timing idealTree:node_modules/archiver Completed in 175ms
814 silly placeDep ROOT glob@10.5.0 OK for: archiver-utils@5.0.2 want: ^10.0.0
815 silly fetch manifest minimatch@^9.0.4
816 silly placeDep node_modules/archiver-utils readable-stream@4.7.0 OK for: archiver-utils@5.0.2 want: ^4.0.0
817 http fetch GET 200 https://registry.npmjs.org/minimatch 173ms (cache miss)
818 timing idealTree:node_modules/archiver-utils Completed in 176ms
819 timing idealTree:node_modules/arrify Completed in 0ms
820 timing idealTree:node_modules/async Completed in 0ms
821 timing idealTree:node_modules/async-lock Completed in 0ms
822 silly placeDep ROOT bytes@3.1.2 OK for: body-parser@1.20.3 want: 3.1.2
823 silly placeDep ROOT content-type@1.0.5 OK for: body-parser@1.20.3 want: ~1.0.5
824 silly placeDep ROOT debug@2.6.9 OK for: body-parser@1.20.3 want: 2.6.9
825 silly placeDep ROOT depd@2.0.0 OK for: body-parser@1.20.3 want: 2.0.0
826 silly placeDep ROOT destroy@1.2.0 OK for: body-parser@1.20.3 want: 1.2.0
827 timing idealTree:node_modules/body-parser Completed in 5ms
828 timing idealTree:node_modules/buffer-crc32 Completed in 0ms
829 timing idealTree:node_modules/bytes Completed in 0ms
830 silly placeDep ROOT anymatch@3.1.3 OK for: chokidar@3.6.0 want: ~3.1.2
831 silly placeDep ROOT braces@3.0.3 OK for: chokidar@3.6.0 want: ~3.0.2
832 silly fetch manifest fill-range@^7.1.1
833 silly placeDep ROOT fsevents@2.3.3 OK for: chokidar@3.6.0 want: ~2.3.2
834 http fetch GET 200 https://registry.npmjs.org/fill-range 166ms (cache miss)
835 timing idealTree:node_modules/chokidar Completed in 169ms
836 timing idealTree:node_modules/anymatch Completed in 0ms
837 silly placeDep ROOT fill-range@7.1.1 OK for: braces@3.0.3 want: ^7.1.1
838 timing idealTree:node_modules/braces Completed in 1ms
839 timing idealTree:node_modules/cjson Completed in 0ms
840 silly placeDep ROOT @colors/colors@1.5.0 OK for: cli-table3@0.6.5 want: 1.5.0
841 timing idealTree:node_modules/cli-table3 Completed in 1ms
842 timing idealTree:node_modules/@colors/colors Completed in 0ms
843 timing idealTree:node_modules/colorette Completed in 0ms
844 silly placeDep ROOT dot-prop@5.3.0 OK for: configstore@5.0.1 want: ^5.2.0
845 timing idealTree:node_modules/configstore Completed in 1ms
846 timing idealTree:node_modules/content-type Completed in 0ms
847 timing idealTree:node_modules/cors Completed in 0ms
848 timing idealTree:node_modules/cross-env Completed in 0ms
849 timing idealTree:node_modules/cross-spawn Completed in 0ms
850 timing idealTree:node_modules/csv-parse Completed in 0ms
851 timing idealTree:node_modules/debug Completed in 0ms
852 timing idealTree:node_modules/deep-equal-in-any-order Completed in 0ms
853 timing idealTree:node_modules/depd Completed in 0ms
854 timing idealTree:node_modules/destroy Completed in 0ms
855 timing idealTree:node_modules/dot-prop Completed in 0ms
856 timing idealTree:node_modules/event-target-shim Completed in 0ms
857 silly placeDep ROOT @apidevtools/json-schema-ref-parser@9.1.2 OK for: exegesis@4.3.0 want: ^9.0.3
858 silly fetch manifest js-yaml@^4.1.0
859 silly fetch manifest call-me-maybe@^1.0.1
860 silly fetch manifest @jsdevtools/ono@^7.1.3
861 silly fetch manifest @types/json-schema@^7.0.6
862 silly placeDep node_modules/exegesis ajv-formats@2.1.1 OK for: exegesis@4.3.0 want: ^2.1.0
863 silly placeDep ROOT deep-freeze@0.0.1 OK for: exegesis@4.3.0 want: 0.0.1
864 silly placeDep ROOT events-listener@1.1.0 OK for: exegesis@4.3.0 want: ^1.1.0
865 http fetch GET 200 https://registry.npmjs.org/js-yaml 174ms (cache miss)
866 http fetch GET 200 https://registry.npmjs.org/call-me-maybe 176ms (cache miss)
867 http fetch GET 200 https://registry.npmjs.org/@types%2fjson-schema 190ms (cache miss)
868 http fetch GET 200 https://registry.npmjs.org/@jsdevtools%2fono 201ms (cache miss)
869 timing idealTree:node_modules/exegesis Completed in 203ms
870 silly placeDep ROOT @jsdevtools/ono@7.1.3 OK for: @apidevtools/json-schema-ref-parser@9.1.2 want: ^7.1.3
871 silly placeDep ROOT @types/json-schema@7.0.15 OK for: @apidevtools/json-schema-ref-parser@9.1.2 want: ^7.0.6
872 silly placeDep ROOT call-me-maybe@1.0.2 OK for: @apidevtools/json-schema-ref-parser@9.1.2 want: ^1.0.1
873 silly placeDep node_modules/@apidevtools/json-schema-ref-parser js-yaml@4.1.1 OK for: @apidevtools/json-schema-ref-parser@9.1.2 want: ^4.1.0
874 silly fetch manifest argparse@^2.0.1
875 http fetch GET 200 https://registry.npmjs.org/argparse 167ms (cache miss)
876 timing idealTree:node_modules/@apidevtools/json-schema-ref-parser Completed in 171ms
877 timing idealTree:node_modules/@jsdevtools/ono Completed in 0ms
878 timing idealTree:node_modules/@types/json-schema Completed in 0ms
879 timing idealTree:node_modules/call-me-maybe Completed in 0ms
880 timing idealTree:node_modules/deep-freeze Completed in 0ms
881 timing idealTree:node_modules/events-listener Completed in 0ms
882 timing idealTree:node_modules/exegesis-express Completed in 0ms
883 silly placeDep ROOT accepts@1.3.8 OK for: express@4.21.2 want: ~1.3.8
884 silly placeDep ROOT array-flatten@1.1.1 OK for: express@4.21.2 want: 1.1.1
885 silly placeDep ROOT content-disposition@0.5.4 OK for: express@4.21.2 want: 0.5.4
886 silly placeDep ROOT cookie@0.7.1 OK for: express@4.21.2 want: 0.7.1
887 silly placeDep ROOT cookie-signature@1.0.6 OK for: express@4.21.2 want: 1.0.6
888 silly placeDep ROOT encodeurl@2.0.0 OK for: express@4.21.2 want: ~2.0.0
889 silly placeDep ROOT escape-html@1.0.3 OK for: express@4.21.2 want: ~1.0.3
890 silly placeDep ROOT etag@1.8.1 OK for: express@4.21.2 want: ~1.8.1
891 silly placeDep ROOT finalhandler@1.3.1 OK for: express@4.21.2 want: 1.3.1
892 timing idealTree:node_modules/express Completed in 5ms
893 timing idealTree:node_modules/accepts Completed in 0ms
894 timing idealTree:node_modules/array-flatten Completed in 0ms
895 timing idealTree:node_modules/content-disposition Completed in 0ms
896 timing idealTree:node_modules/cookie Completed in 0ms
897 timing idealTree:node_modules/cookie-signature Completed in 0ms
898 timing idealTree:node_modules/encodeurl Completed in 0ms
899 timing idealTree:node_modules/escape-html Completed in 0ms
900 timing idealTree:node_modules/etag Completed in 0ms
901 timing idealTree:node_modules/extend Completed in 0ms
902 timing idealTree:node_modules/fast-deep-equal Completed in 0ms
903 timing idealTree:node_modules/fast-uri Completed in 0ms
904 timing idealTree:node_modules/filesize Completed in 0ms
905 timing idealTree:node_modules/fill-range Completed in 0ms
906 timing idealTree:node_modules/finalhandler Completed in 0ms
907 timing idealTree:node_modules/foreground-child Completed in 0ms
908 timing idealTree:node_modules/fsevents Completed in 0ms
909 timing idealTree:node_modules/gaxios Completed in 0ms
910 silly fetch manifest basic-ftp@^5.0.2
911 http fetch GET 200 https://registry.npmjs.org/basic-ftp 181ms (cache miss)
912 silly placeDep ROOT basic-ftp@5.0.5 OK for: get-uri@6.0.5 want: ^5.0.2
913 timing idealTree:node_modules/get-uri Completed in 183ms
914 timing idealTree:node_modules/basic-ftp Completed in 0ms
915 silly placeDep node_modules/glob minimatch@9.0.5 OK for: glob@10.5.0 want: ^9.0.4
916 silly fetch manifest brace-expansion@^2.0.1
917 http fetch GET 200 https://registry.npmjs.org/brace-expansion 171ms (cache miss)
918 timing idealTree:node_modules/glob Completed in 172ms
919 silly placeDep ROOT base64-js@1.5.1 OK for: google-auth-library@9.15.1 want: ^1.3.0
920 silly placeDep ROOT ecdsa-sig-formatter@1.0.11 OK for: google-auth-library@9.15.1 want: ^1.0.11
921 timing idealTree:node_modules/google-auth-library Completed in 2ms
922 timing idealTree:node_modules/base64-js Completed in 0ms
923 timing idealTree:node_modules/ecdsa-sig-formatter Completed in 0ms
924 silly fetch manifest @grpc/grpc-js@^1.10.9
925 silly fetch manifest @types/long@^4.0.0
926 http fetch GET 200 https://registry.npmjs.org/@types%2flong 198ms (cache miss)
927 silly fetch manifest duplexify@^4.0.0
928 http fetch GET 200 https://registry.npmjs.org/duplexify 165ms (cache miss)
929 silly placeDep node_modules/google-gax @grpc/grpc-js@1.14.1 OK for: google-gax@4.6.1 want: ^1.10.9
930 silly fetch manifest @grpc/proto-loader@^0.8.0
931 silly fetch manifest @js-sdsl/ordered-map@^4.4.2
932 silly placeDep ROOT @types/long@4.0.2 OK for: google-gax@4.6.1 want: ^4.0.0
933 silly placeDep ROOT duplexify@4.1.3 OK for: google-gax@4.6.1 want: ^4.0.0
934 silly fetch manifest end-of-stream@^1.4.1
935 http fetch GET 200 https://registry.npmjs.org/end-of-stream 162ms (cache miss)
936 http fetch GET 200 https://registry.npmjs.org/@js-sdsl%2fordered-map 194ms (cache miss)
937 timing idealTree:node_modules/google-gax Completed in 563ms
938 timing idealTree:node_modules/@types/long Completed in 0ms
939 silly placeDep ROOT end-of-stream@1.4.5 OK for: duplexify@4.1.3 want: ^1.4.1
940 timing idealTree:node_modules/duplexify Completed in 2ms
941 timing idealTree:node_modules/end-of-stream Completed in 0ms
942 silly fetch manifest agent-base@^7.1.2
943 http fetch GET 200 https://registry.npmjs.org/agent-base 225ms (cache miss)
944 silly placeDep ROOT agent-base@7.1.4 OK for: https-proxy-agent@7.0.6 want: ^7.1.2
945 timing idealTree:node_modules/https-proxy-agent Completed in 227ms
946 timing idealTree:node_modules/agent-base Completed in 0ms
947 silly fetch manifest @inquirer/external-editor@^1.0.0
948 http fetch GET 200 https://registry.npmjs.org/@inquirer%2fexternal-editor 183ms (cache miss)
949 silly fetch manifest @types/node@>=18
950 silly fetch manifest ansi-escapes@^4.2.1
951 http fetch GET 200 https://registry.npmjs.org/ansi-escapes 169ms (cache miss)
952 silly fetch manifest cli-cursor@^3.1.0
953 http fetch GET 200 https://registry.npmjs.org/cli-cursor 167ms (cache miss)
954 silly fetch manifest cli-width@^3.0.0
955 http fetch GET 200 https://registry.npmjs.org/cli-width 164ms (cache miss)
956 silly fetch manifest figures@^3.0.0
957 http fetch GET 200 https://registry.npmjs.org/figures 179ms (cache miss)
958 silly placeDep ROOT @inquirer/external-editor@1.0.3 OK for: inquirer@8.2.7 want: ^1.0.0
959 silly fetch manifest chardet@^2.1.1
960 silly fetch manifest iconv-lite@^0.7.0
961 silly placeDep ROOT ansi-escapes@4.3.2 OK for: inquirer@8.2.7 want: ^4.2.1
962 silly fetch manifest type-fest@^0.21.3
963 silly placeDep ROOT cli-cursor@3.1.0 OK for: inquirer@8.2.7 want: ^3.1.0
964 silly placeDep ROOT cli-width@3.0.0 OK for: inquirer@8.2.7 want: ^3.0.0
965 silly placeDep ROOT figures@3.2.0 OK for: inquirer@8.2.7 want: ^3.0.0
966 silly fetch manifest escape-string-regexp@^1.0.5
967 http fetch GET 200 https://registry.npmjs.org/escape-string-regexp 160ms (cache miss)
968 http fetch GET 200 https://registry.npmjs.org/iconv-lite 168ms (cache miss)
969 http fetch GET 200 https://registry.npmjs.org/chardet 169ms (cache miss)
970 http fetch GET 200 https://registry.npmjs.org/type-fest 194ms (cache miss)
971 timing idealTree:node_modules/inquirer Completed in 1066ms
972 silly placeDep ROOT chardet@2.1.1 OK for: @inquirer/external-editor@1.0.3 want: ^2.1.1
973 silly placeDep node_modules/@inquirer/external-editor iconv-lite@0.7.0 OK for: @inquirer/external-editor@1.0.3 want: ^0.7.0
974 timing idealTree:node_modules/@inquirer/external-editor Completed in 2ms
975 silly placeDep ROOT type-fest@0.21.3 OK for: ansi-escapes@4.3.2 want: ^0.21.3
976 timing idealTree:node_modules/ansi-escapes Completed in 0ms
977 timing idealTree:node_modules/chardet Completed in 0ms
978 timing idealTree:node_modules/cli-cursor Completed in 0ms
979 timing idealTree:node_modules/cli-width Completed in 0ms
980 silly placeDep ROOT escape-string-regexp@1.0.5 OK for: figures@3.2.0 want: ^1.0.5
981 timing idealTree:node_modules/figures Completed in 1ms
982 timing idealTree:node_modules/escape-string-regexp Completed in 0ms
983 timing idealTree:node_modules/inquirer-autocomplete-prompt Completed in 0ms
984 silly fetch manifest deep-is@^0.1.3
985 http fetch GET 200 https://registry.npmjs.org/deep-is 169ms (cache miss)
986 silly placeDep ROOT deep-is@0.1.4 OK for: is2@2.0.9 want: ^0.1.3
987 timing idealTree:node_modules/is2 Completed in 171ms
988 timing idealTree:node_modules/deep-is Completed in 0ms
989 silly fetch manifest @isaacs/cliui@^8.0.2
990 http fetch GET 200 https://registry.npmjs.org/@isaacs%2fcliui 204ms (cache miss)
991 silly fetch manifest @pkgjs/parseargs@^0.11.0
992 http fetch GET 200 https://registry.npmjs.org/@pkgjs%2fparseargs 165ms (cache miss)
993 silly placeDep ROOT @isaacs/cliui@8.0.2 OK for: jackspeak@3.4.3 want: ^8.0.2
994 silly fetch manifest string-width@^5.1.2
995 silly fetch manifest strip-ansi@^7.0.1
996 silly fetch manifest wrap-ansi@^8.1.0
997 silly placeDep ROOT @pkgjs/parseargs@0.11.0 OK for: jackspeak@3.4.3 want: ^0.11.0
998 http fetch GET 200 https://registry.npmjs.org/wrap-ansi 171ms (cache miss)
999 http fetch GET 200 https://registry.npmjs.org/strip-ansi 173ms (cache miss)
1000 http fetch GET 200 https://registry.npmjs.org/string-width 174ms (cache miss)
1001 timing idealTree:node_modules/jackspeak Completed in 549ms
1002 silly placeDep node_modules/@isaacs/cliui string-width@5.1.2 OK for: @isaacs/cliui@8.0.2 want: ^5.1.2
1003 silly fetch manifest emoji-regex@^9.2.2
1004 silly fetch manifest eastasianwidth@^0.2.0
1005 silly placeDep node_modules/@isaacs/cliui strip-ansi@7.1.2 OK for: @isaacs/cliui@8.0.2 want: ^7.0.1
1006 silly fetch manifest ansi-regex@^6.0.1
1007 silly placeDep ROOT wrap-ansi@8.1.0 REPLACE for: @isaacs/cliui@8.0.2 want: ^8.1.0
1008 silly fetch manifest ansi-styles@^6.1.0
1009 silly fetch manifest string-width@^5.0.1
1010 http fetch GET 200 https://registry.npmjs.org/emoji-regex 162ms (cache miss)
1011 http fetch GET 200 https://registry.npmjs.org/eastasianwidth 174ms (cache miss)
1012 http fetch GET 200 https://registry.npmjs.org/ansi-regex 211ms (cache miss)
1013 timing idealTree:node_modules/@isaacs/cliui Completed in 215ms
1014 timing idealTree:node_modules/@pkgjs/parseargs Completed in 0ms
1015 silly fetch manifest as-array@^2.0.0
1016 http fetch GET 200 https://registry.npmjs.org/as-array 164ms (cache miss)
1017 silly placeDep ROOT as-array@2.0.0 OK for: join-path@1.1.1 want: ^2.0.0
1018 timing idealTree:node_modules/join-path Completed in 166ms
1019 timing idealTree:node_modules/as-array Completed in 0ms
1020 silly fetch manifest argparse@^1.0.7
1021 silly fetch manifest esprima@^4.0.0
1022 http fetch GET 200 https://registry.npmjs.org/esprima 165ms (cache miss)
1023 silly placeDep ROOT argparse@1.0.10 OK for: js-yaml@3.14.2 want: ^1.0.7
1024 silly placeDep ROOT esprima@4.0.1 OK for: js-yaml@3.14.2 want: ^4.0.0
1025 timing idealTree:node_modules/js-yaml Completed in 167ms
1026 timing idealTree:node_modules/argparse Completed in 0ms
1027 timing idealTree:node_modules/esprima Completed in 0ms
1028 silly fetch manifest bignumber.js@^9.0.0
1029 http fetch GET 200 https://registry.npmjs.org/bignumber.js 164ms (cache miss)
1030 silly placeDep ROOT bignumber.js@9.3.1 OK for: json-bigint@1.0.0 want: ^9.0.0
1031 timing idealTree:node_modules/json-bigint Completed in 166ms
1032 timing idealTree:node_modules/bignumber.js Completed in 0ms
1033 silly fetch manifest buffer-equal-constant-time@^1.0.1
1034 http fetch GET 200 https://registry.npmjs.org/buffer-equal-constant-time 162ms (cache miss)
1035 silly placeDep ROOT buffer-equal-constant-time@1.0.1 OK for: jwa@2.0.1 want: ^1.0.1
1036 timing idealTree:node_modules/jwa Completed in 163ms
1037 timing idealTree:node_modules/buffer-equal-constant-time Completed in 0ms
1038 timing idealTree:node_modules/log-symbols Completed in 0ms
1039 silly fetch manifest @colors/colors@1.6.0
1040 silly fetch manifest @types/triple-beam@^1.3.2
1041 http fetch GET 200 https://registry.npmjs.org/@types%2ftriple-beam 169ms (cache miss)
1042 silly fetch manifest fecha@^4.2.0
1043 http fetch GET 200 https://registry.npmjs.org/fecha 160ms (cache miss)
1044 silly placeDep node_modules/logform @colors/colors@1.6.0 OK for: logform@2.7.0 want: 1.6.0
1045 silly placeDep ROOT @types/triple-beam@1.3.5 OK for: logform@2.7.0 want: ^1.3.2
1046 silly placeDep ROOT fecha@4.2.3 OK for: logform@2.7.0 want: ^4.2.0
1047 timing idealTree:node_modules/logform Completed in 333ms
1048 timing idealTree:node_modules/@types/triple-beam Completed in 0ms
1049 timing idealTree:node_modules/fecha Completed in 0ms
1050 silly fetch manifest @npmcli/agent@^3.0.0
1051 http fetch GET 200 https://registry.npmjs.org/@npmcli%2fagent 174ms (cache miss)
1052 silly fetch manifest cacache@^19.0.1
1053 http fetch GET 200 https://registry.npmjs.org/cacache 175ms (cache miss)
1054 silly placeDep ROOT @npmcli/agent@3.0.0 OK for: make-fetch-happen@14.0.3 want: ^3.0.0
1055 silly fetch manifest lru-cache@^10.0.1
1056 silly fetch manifest http-proxy-agent@^7.0.0
1057 silly placeDep ROOT cacache@19.0.1 OK for: make-fetch-happen@14.0.3 want: ^19.0.1
1058 silly fetch manifest tar@^7.4.3
1059 silly fetch manifest p-map@^7.0.2
1060 silly fetch manifest @npmcli/fs@^4.0.0
1061 http fetch GET 200 https://registry.npmjs.org/http-proxy-agent 173ms (cache miss)
1062 http fetch GET 200 https://registry.npmjs.org/lru-cache 174ms (cache miss)
1063 http fetch GET 200 https://registry.npmjs.org/p-map 176ms (cache miss)
1064 http fetch GET 200 https://registry.npmjs.org/@npmcli%2ffs 188ms (cache miss)
1065 http fetch GET 200 https://registry.npmjs.org/tar 189ms (cache miss)
1066 timing idealTree:node_modules/make-fetch-happen Completed in 545ms
1067 silly placeDep node_modules/@npmcli/agent http-proxy-agent@7.0.2 OK for: @npmcli/agent@3.0.0 want: ^7.0.0
1068 silly fetch manifest debug@^4.3.4
1069 silly placeDep ROOT lru-cache@10.4.3 OK for: @npmcli/agent@3.0.0 want: ^10.0.1
1070 timing idealTree:node_modules/@npmcli/agent Completed in 2ms
1071 silly placeDep ROOT @npmcli/fs@4.0.0 OK for: cacache@19.0.1 want: ^4.0.0
1072 silly placeDep ROOT p-map@7.0.4 OK for: cacache@19.0.1 want: ^7.0.2
1073 silly placeDep node_modules/cacache tar@7.5.2 OK for: cacache@19.0.1 want: ^7.4.3
1074 silly fetch manifest @isaacs/fs-minipass@^4.0.0
1075 silly fetch manifest chownr@^3.0.0
1076 silly fetch manifest yallist@^5.0.0
1077 http fetch GET 200 https://registry.npmjs.org/chownr 154ms (cache miss)
1078 http fetch GET 200 https://registry.npmjs.org/yallist 160ms (cache miss)
1079 http fetch GET 200 https://registry.npmjs.org/@isaacs%2ffs-minipass 195ms (cache miss)
1080 timing idealTree:node_modules/cacache Completed in 198ms
1081 timing idealTree:node_modules/@npmcli/fs Completed in 0ms
1082 timing idealTree:node_modules/lru-cache Completed in 0ms
1083 silly fetch manifest cli-highlight@^2.1.11
1084 http fetch GET 200 https://registry.npmjs.org/cli-highlight 167ms (cache miss)
1085 silly placeDep ROOT cli-highlight@2.1.11 OK for: marked-terminal@7.3.0 want: ^2.1.11
1086 silly fetch manifest yargs@^16.0.0
1087 http fetch GET 200 https://registry.npmjs.org/yargs 169ms (cache miss)
1088 timing idealTree:node_modules/marked-terminal Completed in 340ms
1089 silly placeDep node_modules/cli-highlight yargs@16.2.0 OK for: cli-highlight@2.1.11 want: ^16.0.0
1090 silly fetch manifest cliui@^7.0.2
1091 silly fetch manifest escalade@^3.1.1
1092 silly fetch manifest yargs-parser@^20.2.2
1093 http fetch GET 200 https://registry.npmjs.org/escalade 152ms (cache miss)
1094 http fetch GET 200 https://registry.npmjs.org/cliui 166ms (cache miss)
1095 http fetch GET 200 https://registry.npmjs.org/yargs-parser 191ms (cache miss)
1096 timing idealTree:node_modules/cli-highlight Completed in 193ms
1097 timing idealTree:node_modules/micromatch Completed in 0ms
1098 silly fetch manifest brace-expansion@^1.1.7
1099 silly placeDep ROOT brace-expansion@1.1.12 OK for: minimatch@3.1.2 want: ^1.1.7
1100 silly fetch manifest balanced-match@^1.0.0
1101 silly fetch manifest concat-map@0.0.1
1102 http fetch GET 200 https://registry.npmjs.org/concat-map 175ms (cache miss)
1103 http fetch GET 200 https://registry.npmjs.org/balanced-match 181ms (cache miss)
1104 timing idealTree:node_modules/minimatch Completed in 183ms
1105 silly placeDep ROOT balanced-match@1.0.2 OK for: brace-expansion@1.1.12 want: ^1.0.0
1106 silly placeDep ROOT concat-map@0.0.1 OK for: brace-expansion@1.1.12 want: 0.0.1
1107 timing idealTree:node_modules/brace-expansion Completed in 2ms
1108 timing idealTree:node_modules/balanced-match Completed in 0ms
1109 timing idealTree:node_modules/concat-map Completed in 0ms
1110 silly fetch manifest basic-auth@~2.0.1
1111 http fetch GET 200 https://registry.npmjs.org/basic-auth 163ms (cache miss)
1112 silly placeDep ROOT basic-auth@2.0.1 OK for: morgan@1.10.1 want: ~2.0.1
1113 silly fetch manifest safe-buffer@5.1.2
1114 http fetch GET 200 https://registry.npmjs.org/safe-buffer 169ms (cache miss)
1115 timing idealTree:node_modules/morgan Completed in 336ms
1116 silly placeDep node_modules/basic-auth safe-buffer@5.1.2 OK for: basic-auth@2.0.1 want: 5.1.2
1117 timing idealTree:node_modules/basic-auth Completed in 1ms
1118 silly fetch manifest any-promise@^1.0.0
1119 http fetch GET 200 https://registry.npmjs.org/any-promise 195ms (cache miss)
1120 silly placeDep ROOT any-promise@1.3.0 OK for: mz@2.7.0 want: ^1.0.0
1121 timing idealTree:node_modules/mz Completed in 196ms
1122 timing idealTree:node_modules/any-promise Completed in 0ms
1123 silly fetch manifest react@^18.2.0
1124 silly placeDep ROOT @next/env@14.2.3 OK for: next@14.2.3 want: 14.2.3
1125 silly placeDep ROOT @next/swc-darwin-arm64@14.2.3 OK for: next@14.2.3 want: 14.2.3
1126 silly placeDep ROOT @next/swc-darwin-x64@14.2.3 OK for: next@14.2.3 want: 14.2.3
1127 silly placeDep ROOT @next/swc-linux-arm64-gnu@14.2.3 OK for: next@14.2.3 want: 14.2.3
1128 silly placeDep ROOT @next/swc-linux-arm64-musl@14.2.3 OK for: next@14.2.3 want: 14.2.3
1129 silly placeDep ROOT @next/swc-linux-x64-gnu@14.2.3 OK for: next@14.2.3 want: 14.2.3
1130 silly placeDep ROOT @next/swc-linux-x64-musl@14.2.3 OK for: next@14.2.3 want: 14.2.3
1131 silly placeDep ROOT @next/swc-win32-arm64-msvc@14.2.3 OK for: next@14.2.3 want: 14.2.3
1132 silly placeDep ROOT @next/swc-win32-ia32-msvc@14.2.3 OK for: next@14.2.3 want: 14.2.3
1133 silly placeDep ROOT @next/swc-win32-x64-msvc@14.2.3 OK for: next@14.2.3 want: 14.2.3
1134 silly placeDep ROOT @swc/helpers@0.5.5 OK for: next@14.2.3 want: 0.5.5
1135 silly fetch manifest @swc/counter@^0.1.3
1136 silly placeDep ROOT busboy@1.6.0 OK for: next@14.2.3 want: 1.6.0
1137 silly fetch manifest streamsearch@^1.1.0
1138 silly placeDep ROOT caniuse-lite@1.0.30001756 OK for: next@14.2.3 want: ^1.0.30001579
1139 silly placeDep node_modules/next postcss@8.4.31 OK for: next@14.2.3 want: 8.4.31
1140 silly placeDep ROOT styled-jsx@5.1.1 OK for: next@14.2.3 want: 5.1.1
1141 silly fetch manifest client-only@0.0.1
1142 http fetch GET 200 https://registry.npmjs.org/client-only 7ms (cache hit)
1143 http fetch GET 200 https://registry.npmjs.org/streamsearch 9ms (cache hit)
1144 http fetch GET 200 https://registry.npmjs.org/@swc%2fcounter 10ms (cache hit)
1145 timing idealTree:node_modules/next Completed in 23ms
1146 timing idealTree:node_modules/@next/env Completed in 0ms
1147 timing idealTree:node_modules/@next/swc-darwin-arm64 Completed in 0ms
1148 timing idealTree:node_modules/@next/swc-darwin-x64 Completed in 0ms
1149 timing idealTree:node_modules/@next/swc-linux-arm64-gnu Completed in 0ms
1150 timing idealTree:node_modules/@next/swc-linux-arm64-musl Completed in 0ms
1151 timing idealTree:node_modules/@next/swc-linux-x64-gnu Completed in 0ms
1152 timing idealTree:node_modules/@next/swc-linux-x64-musl Completed in 0ms
1153 timing idealTree:node_modules/@next/swc-win32-arm64-msvc Completed in 0ms
1154 timing idealTree:node_modules/@next/swc-win32-ia32-msvc Completed in 0ms
1155 timing idealTree:node_modules/@next/swc-win32-x64-msvc Completed in 0ms
1156 silly placeDep ROOT @swc/counter@0.1.3 OK for: @swc/helpers@0.5.5 want: ^0.1.3
1157 timing idealTree:node_modules/@swc/helpers Completed in 1ms
1158 timing idealTree:node_modules/@swc/counter Completed in 0ms
1159 silly placeDep ROOT streamsearch@1.1.0 OK for: busboy@1.6.0 want: ^1.1.0
1160 timing idealTree:node_modules/busboy Completed in 0ms
1161 timing idealTree:node_modules/caniuse-lite Completed in 0ms
1162 silly fetch manifest @sindresorhus/is@^4.6.0
1163 http fetch GET 200 https://registry.npmjs.org/@sindresorhus%2fis 200ms (cache miss)
1164 silly fetch manifest char-regex@^1.0.2
1165 http fetch GET 200 https://registry.npmjs.org/char-regex 174ms (cache miss)
1166 silly fetch manifest emojilib@^2.4.0
1167 http fetch GET 200 https://registry.npmjs.org/emojilib 217ms (cache miss)
1168 silly placeDep ROOT @sindresorhus/is@4.6.0 OK for: node-emoji@2.2.0 want: ^4.6.0
1169 silly placeDep ROOT char-regex@1.0.2 OK for: node-emoji@2.2.0 want: ^1.0.2
1170 silly placeDep ROOT emojilib@2.4.0 OK for: node-emoji@2.2.0 want: ^2.4.0
1171 timing idealTree:node_modules/node-emoji Completed in 597ms
1172 timing idealTree:node_modules/@sindresorhus/is Completed in 0ms
1173 timing idealTree:node_modules/char-regex Completed in 0ms
1174 timing idealTree:node_modules/emojilib Completed in 0ms
1175 silly fetch manifest env-paths@^2.2.0
1176 http fetch GET 200 https://registry.npmjs.org/env-paths 222ms (cache miss)
1177 silly fetch manifest exponential-backoff@^3.1.1
1178 http fetch GET 200 https://registry.npmjs.org/exponential-backoff 155ms (cache miss)
1179 silly placeDep ROOT env-paths@2.2.1 OK for: node-gyp@11.5.0 want: ^2.2.0
1180 silly placeDep ROOT exponential-backoff@3.1.3 OK for: node-gyp@11.5.0 want: ^3.1.1
1181 timing idealTree:node_modules/node-gyp Completed in 383ms
1182 timing idealTree:node_modules/env-paths Completed in 0ms
1183 timing idealTree:node_modules/exponential-backoff Completed in 0ms
1184 silly fetch manifest abbrev@^3.0.0
1185 http fetch GET 200 https://registry.npmjs.org/abbrev 155ms (cache miss)
1186 silly placeDep ROOT abbrev@3.0.1 OK for: nopt@8.1.0 want: ^3.0.0
1187 timing idealTree:node_modules/nopt Completed in 159ms
1188 timing idealTree:node_modules/abbrev Completed in 0ms
1189 silly fetch manifest ee-first@1.1.1
1190 http fetch GET 200 https://registry.npmjs.org/ee-first 163ms (cache miss)
1191 silly placeDep ROOT ee-first@1.1.1 OK for: on-finished@2.4.1 want: 1.1.1
1192 timing idealTree:node_modules/on-finished Completed in 165ms
1193 timing idealTree:node_modules/ee-first Completed in 0ms
1194 silly fetch manifest bl@^4.1.0
1195 http fetch GET 200 https://registry.npmjs.org/bl 150ms (cache miss)
1196 silly fetch manifest cli-spinners@^2.5.0
1197 http fetch GET 200 https://registry.npmjs.org/cli-spinners 176ms (cache miss)
1198 silly placeDep ROOT bl@4.1.0 OK for: ora@5.4.1 want: ^4.1.0
1199 silly fetch manifest buffer@^5.5.0
1200 silly placeDep ROOT cli-spinners@2.9.2 OK for: ora@5.4.1 want: ^2.5.0
1201 timing idealTree:node_modules/ora Completed in 331ms
1202 silly placeDep ROOT buffer@5.7.1 OK for: bl@4.1.0 want: ^5.5.0
1203 timing idealTree:node_modules/bl Completed in 1ms
1204 timing idealTree:node_modules/buffer Completed in 0ms
1205 timing idealTree:node_modules/cli-spinners Completed in 0ms
1206 timing idealTree:node_modules/p-map Completed in 0ms
1207 silly fetch manifest @tootallnate/quickjs-emscripten@^0.23.0
1208 http fetch GET 200 https://registry.npmjs.org/@tootallnate%2fquickjs-emscripten 183ms (cache miss)
1209 silly placeDep ROOT @tootallnate/quickjs-emscripten@0.23.0 OK for: pac-proxy-agent@7.2.0 want: ^0.23.0
1210 timing idealTree:node_modules/pac-proxy-agent Completed in 185ms
1211 timing idealTree:node_modules/@tootallnate/quickjs-emscripten Completed in 0ms
1212 silly fetch manifest degenerator@^5.0.0
1213 http fetch GET 200 https://registry.npmjs.org/degenerator 183ms (cache miss)
1214 silly placeDep ROOT degenerator@5.0.1 OK for: pac-resolver@7.0.1 want: ^5.0.0
1215 silly fetch manifest ast-types@^0.13.4
1216 silly fetch manifest escodegen@^2.1.0
1217 http fetch GET 200 https://registry.npmjs.org/escodegen 162ms (cache miss)
1218 http fetch GET 200 https://registry.npmjs.org/ast-types 183ms (cache miss)
1219 timing idealTree:node_modules/pac-resolver Completed in 371ms
1220 silly placeDep ROOT ast-types@0.13.4 OK for: degenerator@5.0.1 want: ^0.13.4
1221 silly placeDep ROOT escodegen@2.1.0 OK for: degenerator@5.0.1 want: ^2.1.0
1222 silly fetch manifest estraverse@^5.2.0
1223 silly fetch manifest esutils@^2.0.2
1224 http fetch GET 200 https://registry.npmjs.org/esutils 173ms (cache miss)
1225 http fetch GET 200 https://registry.npmjs.org/estraverse 179ms (cache miss)
1226 timing idealTree:node_modules/degenerator Completed in 181ms
1227 timing idealTree:node_modules/ast-types Completed in 0ms
1228 silly placeDep ROOT estraverse@5.3.0 OK for: escodegen@2.1.0 want: ^5.2.0
1229 silly placeDep ROOT esutils@2.0.3 OK for: escodegen@2.1.0 want: ^2.0.2
1230 timing idealTree:node_modules/escodegen Completed in 2ms
1231 timing idealTree:node_modules/estraverse Completed in 0ms
1232 timing idealTree:node_modules/esutils Completed in 0ms
1233 timing idealTree:node_modules/portfinder Completed in 0ms
1234 silly fetch manifest camelcase-css@^2.0.1
1235 http fetch GET 200 https://registry.npmjs.org/camelcase-css 168ms (cache miss)
1236 silly placeDep ROOT camelcase-css@2.0.1 OK for: postcss-js@4.0.1 want: ^2.0.1
1237 timing idealTree:node_modules/postcss-js Completed in 169ms
1238 timing idealTree:node_modules/camelcase-css Completed in 0ms
1239 silly fetch manifest cssesc@^3.0.0
1240 http fetch GET 200 https://registry.npmjs.org/cssesc 148ms (cache miss)
1241 silly placeDep ROOT cssesc@3.0.0 OK for: postcss-selector-parser@6.1.2 want: ^3.0.0
1242 timing idealTree:node_modules/postcss-selector-parser Completed in 151ms
1243 timing idealTree:node_modules/cssesc Completed in 0ms
1244 silly fetch manifest err-code@^2.0.2
1245 http fetch GET 200 https://registry.npmjs.org/err-code 158ms (cache miss)
1246 silly placeDep ROOT err-code@2.0.3 OK for: promise-retry@2.0.1 want: ^2.0.2
1247 timing idealTree:node_modules/promise-retry Completed in 159ms
1248 timing idealTree:node_modules/err-code Completed in 0ms
1249 timing idealTree:node_modules/proxy-agent Completed in 1ms
1250 silly fetch manifest escape-goat@^2.0.0
1251 http fetch GET 200 https://registry.npmjs.org/escape-goat 174ms (cache miss)
1252 silly placeDep ROOT escape-goat@2.1.1 OK for: pupa@2.1.1 want: ^2.0.0
1253 timing idealTree:node_modules/pupa Completed in 175ms
1254 timing idealTree:node_modules/escape-goat Completed in 0ms
1255 silly fetch manifest discontinuous-range@1.0.0
1256 http fetch GET 200 https://registry.npmjs.org/discontinuous-range 192ms (cache miss)
1257 silly placeDep ROOT discontinuous-range@1.0.0 OK for: randexp@0.4.6 want: 1.0.0
1258 timing idealTree:node_modules/randexp Completed in 193ms
1259 timing idealTree:node_modules/discontinuous-range Completed in 0ms
1260 silly fetch manifest deep-extend@^0.6.0
1261 http fetch GET 200 https://registry.npmjs.org/deep-extend 156ms (cache miss)
1262 silly placeDep ROOT deep-extend@0.6.0 OK for: rc@1.2.8 want: ^0.6.0
1263 timing idealTree:node_modules/rc Completed in 159ms
1264 timing idealTree:node_modules/deep-extend Completed in 0ms
1265 silly fetch manifest date-fns@^2.28.0 || ^3.0.0
1266 timing idealTree Completed in 57167ms
1267 timing command:install Completed in 57172ms
1268 verbose stack Error: could not resolve
1268 verbose stack     at PlaceDep.failPeerConflict (C:\Program Files\nodejs\node_modules\npm\node_modules\@npmcli\arborist\lib\place-dep.js:503:25)
1268 verbose stack     at new PlaceDep (C:\Program Files\nodejs\node_modules\npm\node_modules\@npmcli\arborist\lib\place-dep.js:157:21)
1268 verbose stack     at #buildDepStep (C:\Program Files\nodejs\node_modules\npm\node_modules\@npmcli\arborist\lib\arborist\build-ideal-tree.js:933:18)
1268 verbose stack     at async Arborist.buildIdealTree (C:\Program Files\nodejs\node_modules\npm\node_modules\@npmcli\arborist\lib\arborist\build-ideal-tree.js:196:7)
1268 verbose stack     at async Promise.all (index 1)
1268 verbose stack     at async Arborist.reify (C:\Program Files\nodejs\node_modules\npm\node_modules\@npmcli\arborist\lib\arborist\reify.js:159:5)
1268 verbose stack     at async Install.exec (C:\Program Files\nodejs\node_modules\npm\lib\commands\install.js:152:5)
1268 verbose stack     at async module.exports (C:\Program Files\nodejs\node_modules\npm\lib\cli-entry.js:61:5)
1269 verbose cwd C:\Users\djord\OneDrive\Dokumenti\nova
1270 verbose Windows_NT 10.0.26220
1271 verbose node v20.11.1
1272 verbose npm  v10.2.4
1273 error code ERESOLVE
1274 error ERESOLVE could not resolve
1275 error
1276 error While resolving: [1mreact-day-picker[22m@[1m8.10.1[22m
1276 error Found: [1mdate-fns[22m@[1m4.1.0[22m[2m[22m
1276 error [2mnode_modules/date-fns[22m
1276 error   [1mdate-fns[22m@"[1m^4.1.0[22m" from the root project
1276 error
1276 error Could not resolve dependency:
1276 error [35mpeer[39m [1mdate-fns[22m@"[1m^2.28.0 || ^3.0.0[22m" from [1mreact-day-picker[22m@[1m8.10.1[22m[2m[22m
1276 error [2mnode_modules/react-day-picker[22m
1276 error   [1mreact-day-picker[22m@"[1m^8.10.1[22m" from the root project
1276 error
1276 error Conflicting peer dependency: [1mdate-fns[22m@[1m3.6.0[22m[2m[22m
1276 error [2mnode_modules/date-fns[22m
1276 error   [35mpeer[39m [1mdate-fns[22m@"[1m^2.28.0 || ^3.0.0[22m" from [1mreact-day-picker[22m@[1m8.10.1[22m[2m[22m
1276 error   [2mnode_modules/react-day-picker[22m
1276 error     [1mreact-day-picker[22m@"[1m^8.10.1[22m" from the root project
1276 error
1276 error Fix the upstream dependency conflict, or retry
1276 error this command with --force or --legacy-peer-deps
1276 error to accept an incorrect (and potentially broken) dependency resolution.
1277 error
1277 error
1277 error For a full report see:
1277 error C:\Users\djord\OneDrive\Dokumenti\nova\.npm-cache\_logs\2025-11-20T17_47_24_371Z-eresolve-report.txt
1278 verbose exit 1
1279 timing npm Completed in 57420ms
1280 verbose unfinished npm timer reify 1763660844616
1281 verbose unfinished npm timer reify:loadTrees 1763660844618
1282 verbose unfinished npm timer idealTree:buildDeps 1763660847449
1283 verbose unfinished npm timer idealTree:node_modules/react-day-picker 1763660901783
1284 verbose code 1
1285 error A complete log of this run can be found in: C:\Users\djord\OneDrive\Dokumenti\nova\.npm-cache\_logs\2025-11-20T17_47_24_371Z-debug-0.log
